Warning[207] C:\USERS\DARA\MPLABXPROJECTS\LAB3\PART5\LAB3P5.X\LAB3P5.ASM 11 : Found label after column 1. (Delay1)
Warning[207] C:\USERS\DARA\MPLABXPROJECTS\LAB3\PART5\LAB3P5.X\LAB3P5.ASM 12 : Found label after column 1. (Delay2)
Warning[207] C:\USERS\DARA\MPLABXPROJECTS\LAB3\PART5\LAB3P5.X\LAB3P5.ASM 14 : Found label after column 1. (Counter_L)
Warning[207] C:\USERS\DARA\MPLABXPROJECTS\LAB3\PART5\LAB3P5.X\LAB3P5.ASM 15 : Found label after column 1. (Counter_H)
Warning[207] C:\USERS\DARA\MPLABXPROJECTS\LAB3\PART5\LAB3P5.X\LAB3P5.ASM 17 : Found label after column 1. (Color_Value)
Warning[207] C:\USERS\DARA\MPLABXPROJECTS\LAB3\PART5\LAB3P5.X\LAB3P5.ASM 18 : Found label after column 1. (Loop_Count)
Warning[207] C:\USERS\DARA\MPLABXPROJECTS\LAB3\PART5\LAB3P5.X\LAB3P5.ASM 19 : Found label after column 1. (D2_Start_Value)
Warning[207] C:\USERS\DARA\MPLABXPROJECTS\LAB3\PART5\LAB3P5.X\LAB3P5.ASM 20 : Found label after column 1. (D3_Start_Value)
Warning[205] C:\USERS\DARA\MPLABXPROJECTS\LAB3\PART5\LAB3P5.X\LAB3P5.ASM 25 : Found directive in column 1. (ORG)
Warning[207] C:\USERS\DARA\MPLABXPROJECTS\LAB3\PART5\LAB3P5.X\LAB3P5.ASM 101 : Found label after column 1. (DELAY_ONE_SEC)
Warning[203] C:\USERS\DARA\MPLABXPROJECTS\LAB3\PART5\LAB3P5.X\LAB3P5.ASM 102 : Found opcode in column 1. (MOVLW)
Warning[203] C:\USERS\DARA\MPLABXPROJECTS\LAB3\PART5\LAB3P5.X\LAB3P5.ASM 103 : Found opcode in column 1. (MOVWF)
Warning[203] C:\USERS\DARA\MPLABXPROJECTS\LAB3\PART5\LAB3P5.X\LAB3P5.ASM 105 : Found opcode in column 1. (NOP)
Warning[203] C:\USERS\DARA\MPLABXPROJECTS\LAB3\PART5\LAB3P5.X\LAB3P5.ASM 106 : Found opcode in column 1. (MOVLW)
Warning[203] C:\USERS\DARA\MPLABXPROJECTS\LAB3\PART5\LAB3P5.X\LAB3P5.ASM 107 : Found opcode in column 1. (MOVWF)
Warning[203] C:\USERS\DARA\MPLABXPROJECTS\LAB3\PART5\LAB3P5.X\LAB3P5.ASM 109 : Found opcode in column 1. (NOP)
Warning[203] C:\USERS\DARA\MPLABXPROJECTS\LAB3\PART5\LAB3P5.X\LAB3P5.ASM 110 : Found opcode in column 1. (DECF)
Warning[203] C:\USERS\DARA\MPLABXPROJECTS\LAB3\PART5\LAB3P5.X\LAB3P5.ASM 111 : Found opcode in column 1. (BNZ)
Warning[203] C:\USERS\DARA\MPLABXPROJECTS\LAB3\PART5\LAB3P5.X\LAB3P5.ASM 112 : Found opcode in column 1. (DECF)
Warning[203] C:\USERS\DARA\MPLABXPROJECTS\LAB3\PART5\LAB3P5.X\LAB3P5.ASM 113 : Found opcode in column 1. (BNZ)
Warning[203] C:\USERS\DARA\MPLABXPROJECTS\LAB3\PART5\LAB3P5.X\LAB3P5.ASM 114 : Found opcode in column 1. (RETURN)
