

Microchip Technology PIC18 LITE Macro Assembler V1.34 build -361300703 
                                                                                               Thu Oct 20 12:15:35 2022

Microchip Technology Omniscient Code Generator (Lite mode) build 201502162209
     1                           	processor	18F4620
     2                           	fnconf	rparam,??,?,0
     3                           	opt	pw 120
     4                           	opt	lm
     5                           	psect	text0,global,reloc=2,class=CODE,delta=1
     6                           	psect	cinit,global,reloc=2,class=CODE,delta=1
     7                           	psect	cstackCOMRAM,global,class=COMRAM,space=1,delta=1
     8                           	psect	text1,global,reloc=2,class=CODE,delta=1
     9                           	psect	text2,global,reloc=2,class=CODE,delta=1
    10                           	psect	text3,global,reloc=2,class=CODE,delta=1
    11                           	psect	text4,global,reloc=2,class=CODE,delta=1
    12                           	psect	text5,global,reloc=2,class=CODE,delta=1
    13                           	psect	text6,global,reloc=2,class=CODE,delta=1
    14                           	psect	text7,global,reloc=2,class=CODE,delta=1
    15                           	psect	text8,global,reloc=2,class=CODE,delta=1
    16                           	psect	text9,global,reloc=2,class=CODE,delta=1
    17                           	psect	text10,global,reloc=2,class=CODE,delta=1
    18                           	psect	text11,global,reloc=2,class=CODE,delta=1
    19                           	psect	intsave_regs,global,class=BIGRAM,space=1,delta=1
    20                           	psect	rparam,global,class=COMRAM,space=1,delta=1
    21  0000                     _ADCON0	set	4034
    22  0000                     _ADCON0bits	set	4034
    23  0000                     _ADCON1	set	4033
    24  0000                     _ADCON2	set	4032
    25  0000                     _ADRESH	set	4036
    26  0000                     _ADRESL	set	4035
    27  0000                     _INTCONbits	set	4082
    28  0000                     _OSCCON	set	4051
    29  0000                     _PORTAbits	set	3968
    30  0000                     _PORTB	set	3969
    31  0000                     _PORTBbits	set	3969
    32  0000                     _PORTC	set	3970
    33  0000                     _PORTD	set	3971
    34  0000                     _PORTE	set	3972
    35  0000                     _PORTEbits	set	3972
    36  0000                     _T0CON	set	4053
    37  0000                     _T0CONbits	set	4053
    38  0000                     _TMR0H	set	4055
    39  0000                     _TMR0L	set	4054
    40  0000                     _TRISA	set	3986
    41  0000                     _TRISB	set	3987
    42  0000                     _TRISC	set	3988
    43  0000                     _TRISD	set	3989
    44  0000                     _TRISE	set	3990
    45                           
    46 ;;
    47 ;;Main: autosize = 0, tempsize = 0, incstack = 0, save=0
    48 ;;
    49 ;; *************** function _main *****************
    50 ;; Defined at:
    51 ;;		line 58 in file "Lab7p3.c"
    52 ;; Parameters:    Size  Location     Type
    53 ;;		None
    54 ;; Auto vars:     Size  Location     Type
    55 ;;  i               2    4[COMRAM] int 
    56 ;; Return value:  Size  Location     Type
    57 ;;		None               void
    58 ;; Registers used:
    59 ;;		wreg, status,2, status,0, prodl, prodh, cstack
    60 ;; Tracked objects:
    61 ;;		On entry : 0/0
    62 ;;		On exit  : 0/0
    63 ;;		Unchanged: 0/0
    64 ;; Data sizes:     COMRAM   BANK0   BANK1   BANK2   BANK3   BANK4   BANK5   BANK6   BANK7   BANK8   BANK9  BANK10  BANK1
      +1  BANK12  BANK13  BANK14  BANK15
    65 ;;      Params:         0       0       0       0       0       0       0       0       0       0       0       0       
      +0       0       0       0       0
    66 ;;      Locals:         2       0       0       0       0       0       0       0       0       0       0       0       
      +0       0       0       0       0
    67 ;;      Temps:          0       0       0       0       0       0       0       0       0       0       0       0       
      +0       0       0       0       0
    68 ;;      Totals:         2       0       0       0       0       0       0       0       0       0       0       0       
      +0       0       0       0       0
    69 ;;Total ram usage:        2 bytes
    70 ;; Hardware stack levels required when called:    3
    71 ;; This function calls:
    72 ;;		_Init_ADC
    73 ;;		_Init_TRIS
    74 ;;		_Select_ADC_Channel
    75 ;;		_Set_EW
    76 ;;		_Set_EWLT
    77 ;;		_Set_NS
    78 ;;		_Set_NSLT
    79 ;;		_Wait_N_Seconds
    80 ;;		_get_full_ADC
    81 ;; This function is called by:
    82 ;;		Startup code after reset
    83 ;; This function uses a non-reentrant model
    84 ;;
    85                           
    86                           	psect	text0
    87  00FF98                     __ptext0:
    88                           	opt stack 0
    89  00FF98                     _main:
    90                           	opt stack 28
    91                           
    92                           ;Lab7p3.c: 60: OSCCON = 0x60;
    93                           
    94                           ;incstack = 0
    95  00FF98  0E60               	movlw	96
    96  00FF9A  6ED3               	movwf	4051,c	;volatile
    97                           
    98                           ;Lab7p3.c: 61: PORTB = 0x00;
    99  00FF9C  0E00               	movlw	0
   100  00FF9E  6E81               	movwf	3969,c	;volatile
   101                           
   102                           ;Lab7p3.c: 62: PORTC = 0xFF;
   103  00FFA0  6882               	setf	3970,c	;volatile
   104                           
   105                           ;Lab7p3.c: 63: PORTD = 0xFF;
   106  00FFA2  6883               	setf	3971,c	;volatile
   107                           
   108                           ;Lab7p3.c: 64: PORTE = 0xFF;
   109  00FFA4  6884               	setf	3972,c	;volatile
   110                           
   111                           ;Lab7p3.c: 66: Init_ADC();
   112  00FFA6  EC25  F07F         	call	_Init_ADC	;wreg free
   113                           
   114                           ;Lab7p3.c: 67: Init_TRIS();
   115  00FFAA  EC2C  F07F         	call	_Init_TRIS	;wreg free
   116                           
   117                           ;Lab7p3.c: 68: Select_ADC_Channel(0);
   118  00FFAE  0E00               	movlw	0
   119  00FFB0  EC1F  F07F         	call	_Select_ADC_Channel
   120  00FFB4  D000               	goto	l790
   121  00FFB6                     l790:
   122                           
   123                           ;Lab7p3.c: 71: {
   124                           ;Lab7p3.c: 72: get_full_ADC ();
   125  00FFB6  EC51  F07F         	call	_get_full_ADC	;wreg free
   126                           
   127                           ;Lab7p3.c: 73: for (int i=0; i<4; i++)
   128  00FFBA  0E00               	movlw	0
   129  00FFBC  6E06               	movwf	main@i+1,c
   130  00FFBE  0E00               	movlw	0
   131  00FFC0  6E05               	movwf	main@i,c
   132  00FFC2                     l794:
   133  00FFC2  BE06               	btfsc	main@i+1,7,c
   134  00FFC4  D008               	goto	l798
   135  00FFC6  5006               	movf	main@i+1,w,c
   136  00FFC8  E1F6               	bnz	l790
   137  00FFCA  0E04               	movlw	4
   138  00FFCC  5C05               	subwf	main@i,w,c
   139  00FFCE  B0D8               	btfsc	status,0,c
   140  00FFD0  D7F2               	goto	l790
   141  00FFD2  D001               	goto	l798
   142  00FFD4  D7F0               	goto	l790
   143  00FFD6                     l798:
   144                           
   145                           ;Lab7p3.c: 74: {
   146                           ;Lab7p3.c: 75: Set_NS(i);
   147  00FFD6  5005               	movf	main@i,w,c
   148  00FFD8  EC96  F07F         	call	_Set_NS
   149                           
   150                           ;Lab7p3.c: 76: Set_NSLT(i);
   151  00FFDC  5005               	movf	main@i,w,c
   152  00FFDE  ECB1  F07F         	call	_Set_NSLT
   153                           
   154                           ;Lab7p3.c: 77: Set_EW(i);
   155  00FFE2  5005               	movf	main@i,w,c
   156  00FFE4  EC60  F07F         	call	_Set_EW
   157                           
   158                           ;Lab7p3.c: 78: Set_EWLT(i);
   159  00FFE8  5005               	movf	main@i,w,c
   160  00FFEA  EC7B  F07F         	call	_Set_EWLT
   161                           
   162                           ;Lab7p3.c: 79: Wait_N_Seconds(1);
   163  00FFEE  0E01               	movlw	1
   164  00FFF0  EC44  F07F         	call	_Wait_N_Seconds
   165  00FFF4  4A05               	infsnz	main@i,f,c
   166  00FFF6  2A06               	incf	main@i+1,f,c
   167  00FFF8  D7E4               	goto	l794
   168  00FFFA  D7DD               	goto	l790
   169  00FFFC  EF00  F000         	goto	start
   170  010000                     __end_of_main:
   171                           	opt stack 0
   172                           status	equ	0xFD8
   173                           
   174                           	psect	cinit
   175  00FE34                     __pcinit:
   176                           	opt stack 0
   177  00FE34                     start_initialization:
   178                           	opt stack 0
   179  00FE34                     __initialization:
   180                           	opt stack 0
   181  00FE34                     end_of_initialization:
   182                           	opt stack 0
   183  00FE34                     __end_of__initialization:
   184                           	opt stack 0
   185  00FE34  0E00               	movlw	low (__Lmediumconst shr (0+16))
   186  00FE36  6EF8               	movwf	tblptru,c
   187  00FE38  0100               	movlb	0
   188  00FE3A  EFCC  F07F         	goto	_main	;jump to C main() function
   189                           tblptru	equ	0xFF8
   190                           status	equ	0xFD8
   191                           
   192                           	psect	cstackCOMRAM
   193  000001                     __pcstackCOMRAM:
   194                           	opt stack 0
   195  000001                     ??_get_full_ADC:
   196  000001                     Select_ADC_Channel@channel:
   197                           	opt stack 0
   198  000001                     Wait_N_Seconds@seconds:
   199                           	opt stack 0
   200  000001                     Set_NS@color:
   201                           	opt stack 0
   202  000001                     Set_NSLT@color:
   203                           	opt stack 0
   204  000001                     Set_EW@color:
   205                           	opt stack 0
   206  000001                     Set_EWLT@color:
   207                           	opt stack 0
   208                           
   209                           ; 1 bytes @ 0x0
   210  000001                     	ds	1
   211  000002                     Wait_N_Seconds@i:
   212                           	opt stack 0
   213                           
   214                           ; 1 bytes @ 0x1
   215  000002                     	ds	1
   216  000003                     get_full_ADC@result:
   217                           	opt stack 0
   218                           
   219                           ; 2 bytes @ 0x2
   220  000003                     	ds	2
   221  000005                     main@i:
   222                           	opt stack 0
   223                           
   224                           ; 2 bytes @ 0x4
   225  000005                     	ds	2
   226                           tblptru	equ	0xFF8
   227                           status	equ	0xFD8
   228                           
   229 ;; *************** function _get_full_ADC *****************
   230 ;; Defined at:
   231 ;;		line 107 in file "Lab7p3.c"
   232 ;; Parameters:    Size  Location     Type
   233 ;;		None
   234 ;; Auto vars:     Size  Location     Type
   235 ;;  result          2    2[COMRAM] int 
   236 ;; Return value:  Size  Location     Type
   237 ;;                  2   18[None  ] unsigned int 
   238 ;; Registers used:
   239 ;;		wreg, status,2, status,0
   240 ;; Tracked objects:
   241 ;;		On entry : 0/0
   242 ;;		On exit  : 0/0
   243 ;;		Unchanged: 0/0
   244 ;; Data sizes:     COMRAM   BANK0   BANK1   BANK2   BANK3   BANK4   BANK5   BANK6   BANK7   BANK8   BANK9  BANK10  BANK1
      +1  BANK12  BANK13  BANK14  BANK15
   245 ;;      Params:         0       0       0       0       0       0       0       0       0       0       0       0       
      +0       0       0       0       0
   246 ;;      Locals:         2       0       0       0       0       0       0       0       0       0       0       0       
      +0       0       0       0       0
   247 ;;      Temps:          2       0       0       0       0       0       0       0       0       0       0       0       
      +0       0       0       0       0
   248 ;;      Totals:         4       0       0       0       0       0       0       0       0       0       0       0       
      +0       0       0       0       0
   249 ;;Total ram usage:        4 bytes
   250 ;; Hardware stack levels used:    1
   251 ;; This function calls:
   252 ;;		Nothing
   253 ;; This function is called by:
   254 ;;		_main
   255 ;; This function uses a non-reentrant model
   256 ;;
   257                           
   258                           	psect	text1
   259  00FEA2                     __ptext1:
   260                           	opt stack 0
   261  00FEA2                     _get_full_ADC:
   262                           	opt stack 30
   263                           
   264                           ;Lab7p3.c: 109: int result;
   265                           ;Lab7p3.c: 110: ADCON0bits.GO=1;
   266                           
   267                           ;incstack = 0
   268  00FEA2  82C2               	bsf	4034,1,c	;volatile
   269                           
   270                           ;Lab7p3.c: 111: while(ADCON0bits.DONE==1);
   271  00FEA4  D000               	goto	l88
   272  00FEA6                     l88:
   273  00FEA6  B2C2               	btfsc	4034,1,c	;volatile
   274  00FEA8  D7FE               	goto	l88
   275                           
   276                           ;Lab7p3.c: 112: result = (ADRESH * 0x100) + ADRESL;
   277  00FEAA  50C4               	movf	4036,w,c	;volatile
   278  00FEAC  6E02               	movwf	(??_get_full_ADC+1)& (0+255),c
   279  00FEAE  6A01               	clrf	??_get_full_ADC& (0+255),c
   280  00FEB0  50C3               	movf	4035,w,c	;volatile
   281  00FEB2  2401               	addwf	??_get_full_ADC,w,c
   282  00FEB4  6E03               	movwf	get_full_ADC@result,c
   283  00FEB6  0E00               	movlw	0
   284  00FEB8  2002               	addwfc	??_get_full_ADC+1,w,c
   285  00FEBA  6E04               	movwf	get_full_ADC@result+1,c
   286  00FEBC  D000               	goto	l91
   287  00FEBE                     l91:
   288  00FEBE  0012               	return		;funcret
   289  00FEC0                     __end_of_get_full_ADC:
   290                           	opt stack 0
   291                           tblptru	equ	0xFF8
   292                           status	equ	0xFD8
   293                           
   294 ;; *************** function _Wait_N_Seconds *****************
   295 ;; Defined at:
   296 ;;		line 134 in file "Lab7p3.c"
   297 ;; Parameters:    Size  Location     Type
   298 ;;  seconds         1    wreg     unsigned char 
   299 ;; Auto vars:     Size  Location     Type
   300 ;;  seconds         1    0[COMRAM] unsigned char 
   301 ;;  i               1    1[COMRAM] unsigned char 
   302 ;; Return value:  Size  Location     Type
   303 ;;		None               void
   304 ;; Registers used:
   305 ;;		wreg, status,2, status,0, cstack
   306 ;; Tracked objects:
   307 ;;		On entry : 0/0
   308 ;;		On exit  : 0/0
   309 ;;		Unchanged: 0/0
   310 ;; Data sizes:     COMRAM   BANK0   BANK1   BANK2   BANK3   BANK4   BANK5   BANK6   BANK7   BANK8   BANK9  BANK10  BANK1
      +1  BANK12  BANK13  BANK14  BANK15
   311 ;;      Params:         0       0       0       0       0       0       0       0       0       0       0       0       
      +0       0       0       0       0
   312 ;;      Locals:         2       0       0       0       0       0       0       0       0       0       0       0       
      +0       0       0       0       0
   313 ;;      Temps:          0       0       0       0       0       0       0       0       0       0       0       0       
      +0       0       0       0       0
   314 ;;      Totals:         2       0       0       0       0       0       0       0       0       0       0       0       
      +0       0       0       0       0
   315 ;;Total ram usage:        2 bytes
   316 ;; Hardware stack levels used:    1
   317 ;; Hardware stack levels required when called:    2
   318 ;; This function calls:
   319 ;;		_WAIT_1_SEC
   320 ;; This function is called by:
   321 ;;		_main
   322 ;; This function uses a non-reentrant model
   323 ;;
   324                           
   325                           	psect	text2
   326  00FE88                     __ptext2:
   327                           	opt stack 0
   328  00FE88                     _Wait_N_Seconds:
   329                           	opt stack 28
   330                           
   331                           ;incstack = 0
   332                           ;Wait_N_Seconds@seconds stored from wreg
   333  00FE88  6E01               	movwf	Wait_N_Seconds@seconds,c
   334                           
   335                           ;Lab7p3.c: 136: char i;
   336                           ;Lab7p3.c: 137: for (i = 0; i < seconds; i++)
   337  00FE8A  0E00               	movlw	0
   338  00FE8C  6E02               	movwf	Wait_N_Seconds@i,c
   339  00FE8E  D004               	goto	l774
   340  00FE90                     l770:
   341                           
   342                           ;Lab7p3.c: 138: {
   343                           ;Lab7p3.c: 139: WAIT_1_SEC();
   344  00FE90  EC15  F07F         	call	_WAIT_1_SEC	;wreg free
   345  00FE94  2A02               	incf	Wait_N_Seconds@i,f,c
   346  00FE96  D000               	goto	l774
   347  00FE98                     l774:
   348  00FE98  5001               	movf	Wait_N_Seconds@seconds,w,c
   349  00FE9A  5C02               	subwf	Wait_N_Seconds@i,w,c
   350  00FE9C  A0D8               	btfss	status,0,c
   351  00FE9E  D7F8               	goto	l770
   352  00FEA0  0012               	return		;funcret
   353  00FEA2                     __end_of_Wait_N_Seconds:
   354                           	opt stack 0
   355                           tblptru	equ	0xFF8
   356                           status	equ	0xFD8
   357                           
   358 ;; *************** function _WAIT_1_SEC *****************
   359 ;; Defined at:
   360 ;;		line 117 in file "Lab7p3.c"
   361 ;; Parameters:    Size  Location     Type
   362 ;;		None
   363 ;; Auto vars:     Size  Location     Type
   364 ;;		None
   365 ;; Return value:  Size  Location     Type
   366 ;;		None               void
   367 ;; Registers used:
   368 ;;		wreg, status,2, cstack
   369 ;; Tracked objects:
   370 ;;		On entry : 0/0
   371 ;;		On exit  : 0/0
   372 ;;		Unchanged: 0/0
   373 ;; Data sizes:     COMRAM   BANK0   BANK1   BANK2   BANK3   BANK4   BANK5   BANK6   BANK7   BANK8   BANK9  BANK10  BANK1
      +1  BANK12  BANK13  BANK14  BANK15
   374 ;;      Params:         0       0       0       0       0       0       0       0       0       0       0       0       
      +0       0       0       0       0
   375 ;;      Locals:         0       0       0       0       0       0       0       0       0       0       0       0       
      +0       0       0       0       0
   376 ;;      Temps:          0       0       0       0       0       0       0       0       0       0       0       0       
      +0       0       0       0       0
   377 ;;      Totals:         0       0       0       0       0       0       0       0       0       0       0       0       
      +0       0       0       0       0
   378 ;;Total ram usage:        0 bytes
   379 ;; Hardware stack levels used:    1
   380 ;; Hardware stack levels required when called:    1
   381 ;; This function calls:
   382 ;;		_WAIT_HALF_SEC
   383 ;; This function is called by:
   384 ;;		_Wait_N_Seconds
   385 ;; This function uses a non-reentrant model
   386 ;;
   387                           
   388                           	psect	text3
   389  00FE2A                     __ptext3:
   390                           	opt stack 0
   391  00FE2A                     _WAIT_1_SEC:
   392                           	opt stack 28
   393                           
   394                           ;Lab7p3.c: 119: WAIT_HALF_SEC();
   395                           
   396                           ;incstack = 0
   397  00FE2A  EC37  F07F         	call	_WAIT_HALF_SEC	;wreg free
   398                           
   399                           ;Lab7p3.c: 120: WAIT_HALF_SEC();
   400  00FE2E  EC37  F07F         	call	_WAIT_HALF_SEC	;wreg free
   401  00FE32  0012               	return		;funcret
   402  00FE34                     __end_of_WAIT_1_SEC:
   403                           	opt stack 0
   404                           tblptru	equ	0xFF8
   405                           status	equ	0xFD8
   406                           
   407 ;; *************** function _WAIT_HALF_SEC *****************
   408 ;; Defined at:
   409 ;;		line 123 in file "Lab7p3.c"
   410 ;; Parameters:    Size  Location     Type
   411 ;;		None
   412 ;; Auto vars:     Size  Location     Type
   413 ;;		None
   414 ;; Return value:  Size  Location     Type
   415 ;;		None               void
   416 ;; Registers used:
   417 ;;		wreg, status,2
   418 ;; Tracked objects:
   419 ;;		On entry : 0/0
   420 ;;		On exit  : 0/0
   421 ;;		Unchanged: 0/0
   422 ;; Data sizes:     COMRAM   BANK0   BANK1   BANK2   BANK3   BANK4   BANK5   BANK6   BANK7   BANK8   BANK9  BANK10  BANK1
      +1  BANK12  BANK13  BANK14  BANK15
   423 ;;      Params:         0       0       0       0       0       0       0       0       0       0       0       0       
      +0       0       0       0       0
   424 ;;      Locals:         0       0       0       0       0       0       0       0       0       0       0       0       
      +0       0       0       0       0
   425 ;;      Temps:          0       0       0       0       0       0       0       0       0       0       0       0       
      +0       0       0       0       0
   426 ;;      Totals:         0       0       0       0       0       0       0       0       0       0       0       0       
      +0       0       0       0       0
   427 ;;Total ram usage:        0 bytes
   428 ;; Hardware stack levels used:    1
   429 ;; This function calls:
   430 ;;		Nothing
   431 ;; This function is called by:
   432 ;;		_WAIT_1_SEC
   433 ;; This function uses a non-reentrant model
   434 ;;
   435                           
   436                           	psect	text4
   437  00FE6E                     __ptext4:
   438                           	opt stack 0
   439  00FE6E                     _WAIT_HALF_SEC:
   440                           	opt stack 28
   441                           
   442                           ;Lab7p3.c: 125: T0CON = 0x02;
   443                           
   444                           ;incstack = 0
   445  00FE6E  0E02               	movlw	2
   446  00FE70  6ED5               	movwf	4053,c	;volatile
   447                           
   448                           ;Lab7p3.c: 126: TMR0L = 0xDB;
   449  00FE72  0EDB               	movlw	219
   450  00FE74  6ED6               	movwf	4054,c	;volatile
   451                           
   452                           ;Lab7p3.c: 127: TMR0H = 0xB;
   453  00FE76  0E0B               	movlw	11
   454  00FE78  6ED7               	movwf	4055,c	;volatile
   455                           
   456                           ;Lab7p3.c: 128: INTCONbits.TMR0IF = 0;
   457  00FE7A  94F2               	bcf	intcon,2,c	;volatile
   458                           
   459                           ;Lab7p3.c: 129: T0CONbits.TMR0ON = 1;
   460  00FE7C  8ED5               	bsf	4053,7,c	;volatile
   461                           
   462                           ;Lab7p3.c: 130: while (INTCONbits.TMR0IF == 0);
   463  00FE7E  D000               	goto	l97
   464  00FE80                     l97:
   465  00FE80  A4F2               	btfss	intcon,2,c	;volatile
   466  00FE82  D7FE               	goto	l97
   467                           
   468                           ;Lab7p3.c: 131: T0CONbits.TMR0ON = 0;
   469  00FE84  9ED5               	bcf	4053,7,c	;volatile
   470  00FE86  0012               	return		;funcret
   471  00FE88                     __end_of_WAIT_HALF_SEC:
   472                           	opt stack 0
   473                           tblptru	equ	0xFF8
   474                           intcon	equ	0xFF2
   475                           status	equ	0xFD8
   476                           
   477 ;; *************** function _Set_NSLT *****************
   478 ;; Defined at:
   479 ;;		line 154 in file "Lab7p3.c"
   480 ;; Parameters:    Size  Location     Type
   481 ;;  color           1    wreg     unsigned char 
   482 ;; Auto vars:     Size  Location     Type
   483 ;;  color           1    0[COMRAM] unsigned char 
   484 ;; Return value:  Size  Location     Type
   485 ;;		None               void
   486 ;; Registers used:
   487 ;;		wreg, status,2, status,0
   488 ;; Tracked objects:
   489 ;;		On entry : 0/0
   490 ;;		On exit  : 0/0
   491 ;;		Unchanged: 0/0
   492 ;; Data sizes:     COMRAM   BANK0   BANK1   BANK2   BANK3   BANK4   BANK5   BANK6   BANK7   BANK8   BANK9  BANK10  BANK1
      +1  BANK12  BANK13  BANK14  BANK15
   493 ;;      Params:         0       0       0       0       0       0       0       0       0       0       0       0       
      +0       0       0       0       0
   494 ;;      Locals:         1       0       0       0       0       0       0       0       0       0       0       0       
      +0       0       0       0       0
   495 ;;      Temps:          0       0       0       0       0       0       0       0       0       0       0       0       
      +0       0       0       0       0
   496 ;;      Totals:         1       0       0       0       0       0       0       0       0       0       0       0       
      +0       0       0       0       0
   497 ;;Total ram usage:        1 bytes
   498 ;; Hardware stack levels used:    1
   499 ;; This function calls:
   500 ;;		Nothing
   501 ;; This function is called by:
   502 ;;		_main
   503 ;; This function uses a non-reentrant model
   504 ;;
   505                           
   506                           	psect	text5
   507  00FF62                     __ptext5:
   508                           	opt stack 0
   509  00FF62                     _Set_NSLT:
   510                           	opt stack 30
   511                           
   512                           ;incstack = 0
   513                           ;Set_NSLT@color stored from wreg
   514  00FF62  6E01               	movwf	Set_NSLT@color,c
   515                           
   516                           ;Lab7p3.c: 156: switch (color)
   517  00FF64  D00A               	goto	l754
   518  00FF66                     l119:
   519  00FF66  9881               	bcf	3969,4,c	;volatile
   520  00FF68  D001               	goto	L1
   521  00FF6A                     l121:
   522  00FF6A  8881               	bsf	3969,4,c	;volatile
   523  00FF6C                     L1:
   524  00FF6C  9A81               	bcf	3969,5,c	;volatile
   525  00FF6E  D013               	goto	l124
   526  00FF70                     l122:
   527  00FF70  9881               	bcf	3969,4,c	;volatile
   528  00FF72  D001               	goto	L2
   529  00FF74                     l123:
   530  00FF74  8881               	bsf	3969,4,c	;volatile
   531  00FF76                     L2:
   532  00FF76  8A81               	bsf	3969,5,c	;volatile
   533                           
   534                           ;Lab7p3.c: 162: }
   535  00FF78  D00E               	goto	l124
   536  00FF7A                     l754:
   537  00FF7A  5001               	movf	Set_NSLT@color,w,c
   538                           
   539                           ; Switch size 1, requested type "space"
   540                           ; Number of cases is 4, Range of values is 0 to 3
   541                           ; switch strategies available:
   542                           ; Name         Instructions Cycles
   543                           ; simple_byte           13     7 (average)
   544                           ;	Chosen strategy is simple_byte
   545  00FF7C  0A00               	xorlw	0	; case 0
   546  00FF7E  B4D8               	btfsc	status,2,c
   547  00FF80  D7F2               	goto	l119
   548  00FF82  0A01               	xorlw	1	; case 1
   549  00FF84  B4D8               	btfsc	status,2,c
   550  00FF86  D7F1               	goto	l121
   551  00FF88  0A03               	xorlw	3	; case 2
   552  00FF8A  B4D8               	btfsc	status,2,c
   553  00FF8C  D7F1               	goto	l122
   554  00FF8E  0A01               	xorlw	1	; case 3
   555  00FF90  B4D8               	btfsc	status,2,c
   556  00FF92  D7F0               	goto	l123
   557  00FF94  D000               	goto	l124
   558  00FF96                     l124:
   559  00FF96  0012               	return		;funcret
   560  00FF98                     __end_of_Set_NSLT:
   561                           	opt stack 0
   562                           tblptru	equ	0xFF8
   563                           intcon	equ	0xFF2
   564                           status	equ	0xFD8
   565                           
   566 ;; *************** function _Set_NS *****************
   567 ;; Defined at:
   568 ;;		line 143 in file "Lab7p3.c"
   569 ;; Parameters:    Size  Location     Type
   570 ;;  color           1    wreg     unsigned char 
   571 ;; Auto vars:     Size  Location     Type
   572 ;;  color           1    0[COMRAM] unsigned char 
   573 ;; Return value:  Size  Location     Type
   574 ;;		None               void
   575 ;; Registers used:
   576 ;;		wreg, status,2, status,0
   577 ;; Tracked objects:
   578 ;;		On entry : 0/0
   579 ;;		On exit  : 0/0
   580 ;;		Unchanged: 0/0
   581 ;; Data sizes:     COMRAM   BANK0   BANK1   BANK2   BANK3   BANK4   BANK5   BANK6   BANK7   BANK8   BANK9  BANK10  BANK1
      +1  BANK12  BANK13  BANK14  BANK15
   582 ;;      Params:         0       0       0       0       0       0       0       0       0       0       0       0       
      +0       0       0       0       0
   583 ;;      Locals:         1       0       0       0       0       0       0       0       0       0       0       0       
      +0       0       0       0       0
   584 ;;      Temps:          0       0       0       0       0       0       0       0       0       0       0       0       
      +0       0       0       0       0
   585 ;;      Totals:         1       0       0       0       0       0       0       0       0       0       0       0       
      +0       0       0       0       0
   586 ;;Total ram usage:        1 bytes
   587 ;; Hardware stack levels used:    1
   588 ;; This function calls:
   589 ;;		Nothing
   590 ;; This function is called by:
   591 ;;		_main
   592 ;; This function uses a non-reentrant model
   593 ;;
   594                           
   595                           	psect	text6
   596  00FF2C                     __ptext6:
   597                           	opt stack 0
   598  00FF2C                     _Set_NS:
   599                           	opt stack 30
   600                           
   601                           ;incstack = 0
   602                           ;Set_NS@color stored from wreg
   603  00FF2C  6E01               	movwf	Set_NS@color,c
   604                           
   605                           ;Lab7p3.c: 145: switch (color)
   606  00FF2E  D00A               	goto	l748
   607  00FF30                     l110:
   608  00FF30  9A80               	bcf	3968,5,c	;volatile
   609  00FF32  D001               	goto	L3
   610  00FF34                     l112:
   611  00FF34  8A80               	bsf	3968,5,c	;volatile
   612  00FF36                     L3:
   613  00FF36  9081               	bcf	3969,0,c	;volatile
   614  00FF38  D013               	goto	l115
   615  00FF3A                     l113:
   616  00FF3A  9A80               	bcf	3968,5,c	;volatile
   617  00FF3C  D001               	goto	L4
   618  00FF3E                     l114:
   619  00FF3E  8A80               	bsf	3968,5,c	;volatile
   620  00FF40                     L4:
   621  00FF40  8081               	bsf	3969,0,c	;volatile
   622                           
   623                           ;Lab7p3.c: 151: }
   624  00FF42  D00E               	goto	l115
   625  00FF44                     l748:
   626  00FF44  5001               	movf	Set_NS@color,w,c
   627                           
   628                           ; Switch size 1, requested type "space"
   629                           ; Number of cases is 4, Range of values is 0 to 3
   630                           ; switch strategies available:
   631                           ; Name         Instructions Cycles
   632                           ; simple_byte           13     7 (average)
   633                           ;	Chosen strategy is simple_byte
   634  00FF46  0A00               	xorlw	0	; case 0
   635  00FF48  B4D8               	btfsc	status,2,c
   636  00FF4A  D7F2               	goto	l110
   637  00FF4C  0A01               	xorlw	1	; case 1
   638  00FF4E  B4D8               	btfsc	status,2,c
   639  00FF50  D7F1               	goto	l112
   640  00FF52  0A03               	xorlw	3	; case 2
   641  00FF54  B4D8               	btfsc	status,2,c
   642  00FF56  D7F1               	goto	l113
   643  00FF58  0A01               	xorlw	1	; case 3
   644  00FF5A  B4D8               	btfsc	status,2,c
   645  00FF5C  D7F0               	goto	l114
   646  00FF5E  D000               	goto	l115
   647  00FF60                     l115:
   648  00FF60  0012               	return		;funcret
   649  00FF62                     __end_of_Set_NS:
   650                           	opt stack 0
   651                           tblptru	equ	0xFF8
   652                           intcon	equ	0xFF2
   653                           status	equ	0xFD8
   654                           
   655 ;; *************** function _Set_EWLT *****************
   656 ;; Defined at:
   657 ;;		line 176 in file "Lab7p3.c"
   658 ;; Parameters:    Size  Location     Type
   659 ;;  color           1    wreg     unsigned char 
   660 ;; Auto vars:     Size  Location     Type
   661 ;;  color           1    0[COMRAM] unsigned char 
   662 ;; Return value:  Size  Location     Type
   663 ;;		None               void
   664 ;; Registers used:
   665 ;;		wreg, status,2, status,0
   666 ;; Tracked objects:
   667 ;;		On entry : 0/0
   668 ;;		On exit  : 0/0
   669 ;;		Unchanged: 0/0
   670 ;; Data sizes:     COMRAM   BANK0   BANK1   BANK2   BANK3   BANK4   BANK5   BANK6   BANK7   BANK8   BANK9  BANK10  BANK1
      +1  BANK12  BANK13  BANK14  BANK15
   671 ;;      Params:         0       0       0       0       0       0       0       0       0       0       0       0       
      +0       0       0       0       0
   672 ;;      Locals:         1       0       0       0       0       0       0       0       0       0       0       0       
      +0       0       0       0       0
   673 ;;      Temps:          0       0       0       0       0       0       0       0       0       0       0       0       
      +0       0       0       0       0
   674 ;;      Totals:         1       0       0       0       0       0       0       0       0       0       0       0       
      +0       0       0       0       0
   675 ;;Total ram usage:        1 bytes
   676 ;; Hardware stack levels used:    1
   677 ;; This function calls:
   678 ;;		Nothing
   679 ;; This function is called by:
   680 ;;		_main
   681 ;; This function uses a non-reentrant model
   682 ;;
   683                           
   684                           	psect	text7
   685  00FEF6                     __ptext7:
   686                           	opt stack 0
   687  00FEF6                     _Set_EWLT:
   688                           	opt stack 30
   689                           
   690                           ;incstack = 0
   691                           ;Set_EWLT@color stored from wreg
   692  00FEF6  6E01               	movwf	Set_EWLT@color,c
   693                           
   694                           ;Lab7p3.c: 178: switch (color)
   695  00FEF8  D00A               	goto	l766
   696  00FEFA                     l137:
   697  00FEFA  9284               	bcf	3972,1,c	;volatile
   698  00FEFC  D001               	goto	L5
   699  00FEFE                     l139:
   700  00FEFE  8284               	bsf	3972,1,c	;volatile
   701  00FF00                     L5:
   702  00FF00  9484               	bcf	3972,2,c	;volatile
   703  00FF02  D013               	goto	l142
   704  00FF04                     l140:
   705  00FF04  9284               	bcf	3972,1,c	;volatile
   706  00FF06  D001               	goto	L6
   707  00FF08                     l141:
   708  00FF08  8284               	bsf	3972,1,c	;volatile
   709  00FF0A                     L6:
   710  00FF0A  8484               	bsf	3972,2,c	;volatile
   711                           
   712                           ;Lab7p3.c: 184: }
   713  00FF0C  D00E               	goto	l142
   714  00FF0E                     l766:
   715  00FF0E  5001               	movf	Set_EWLT@color,w,c
   716                           
   717                           ; Switch size 1, requested type "space"
   718                           ; Number of cases is 4, Range of values is 0 to 3
   719                           ; switch strategies available:
   720                           ; Name         Instructions Cycles
   721                           ; simple_byte           13     7 (average)
   722                           ;	Chosen strategy is simple_byte
   723  00FF10  0A00               	xorlw	0	; case 0
   724  00FF12  B4D8               	btfsc	status,2,c
   725  00FF14  D7F2               	goto	l137
   726  00FF16  0A01               	xorlw	1	; case 1
   727  00FF18  B4D8               	btfsc	status,2,c
   728  00FF1A  D7F1               	goto	l139
   729  00FF1C  0A03               	xorlw	3	; case 2
   730  00FF1E  B4D8               	btfsc	status,2,c
   731  00FF20  D7F1               	goto	l140
   732  00FF22  0A01               	xorlw	1	; case 3
   733  00FF24  B4D8               	btfsc	status,2,c
   734  00FF26  D7F0               	goto	l141
   735  00FF28  D000               	goto	l142
   736  00FF2A                     l142:
   737  00FF2A  0012               	return		;funcret
   738  00FF2C                     __end_of_Set_EWLT:
   739                           	opt stack 0
   740                           tblptru	equ	0xFF8
   741                           intcon	equ	0xFF2
   742                           status	equ	0xFD8
   743                           
   744 ;; *************** function _Set_EW *****************
   745 ;; Defined at:
   746 ;;		line 165 in file "Lab7p3.c"
   747 ;; Parameters:    Size  Location     Type
   748 ;;  color           1    wreg     unsigned char 
   749 ;; Auto vars:     Size  Location     Type
   750 ;;  color           1    0[COMRAM] unsigned char 
   751 ;; Return value:  Size  Location     Type
   752 ;;		None               void
   753 ;; Registers used:
   754 ;;		wreg, status,2, status,0
   755 ;; Tracked objects:
   756 ;;		On entry : 0/0
   757 ;;		On exit  : 0/0
   758 ;;		Unchanged: 0/0
   759 ;; Data sizes:     COMRAM   BANK0   BANK1   BANK2   BANK3   BANK4   BANK5   BANK6   BANK7   BANK8   BANK9  BANK10  BANK1
      +1  BANK12  BANK13  BANK14  BANK15
   760 ;;      Params:         0       0       0       0       0       0       0       0       0       0       0       0       
      +0       0       0       0       0
   761 ;;      Locals:         1       0       0       0       0       0       0       0       0       0       0       0       
      +0       0       0       0       0
   762 ;;      Temps:          0       0       0       0       0       0       0       0       0       0       0       0       
      +0       0       0       0       0
   763 ;;      Totals:         1       0       0       0       0       0       0       0       0       0       0       0       
      +0       0       0       0       0
   764 ;;Total ram usage:        1 bytes
   765 ;; Hardware stack levels used:    1
   766 ;; This function calls:
   767 ;;		Nothing
   768 ;; This function is called by:
   769 ;;		_main
   770 ;; This function uses a non-reentrant model
   771 ;;
   772                           
   773                           	psect	text8
   774  00FEC0                     __ptext8:
   775                           	opt stack 0
   776  00FEC0                     _Set_EW:
   777                           	opt stack 30
   778                           
   779                           ;incstack = 0
   780                           ;Set_EW@color stored from wreg
   781  00FEC0  6E01               	movwf	Set_EW@color,c
   782                           
   783                           ;Lab7p3.c: 167: switch (color)
   784  00FEC2  D00A               	goto	l760
   785  00FEC4                     l128:
   786  00FEC4  9281               	bcf	3969,1,c	;volatile
   787  00FEC6  D001               	goto	L7
   788  00FEC8                     l130:
   789  00FEC8  8281               	bsf	3969,1,c	;volatile
   790  00FECA                     L7:
   791  00FECA  9481               	bcf	3969,2,c	;volatile
   792  00FECC  D013               	goto	l133
   793  00FECE                     l131:
   794  00FECE  9281               	bcf	3969,1,c	;volatile
   795  00FED0  D001               	goto	L8
   796  00FED2                     l132:
   797  00FED2  8281               	bsf	3969,1,c	;volatile
   798  00FED4                     L8:
   799  00FED4  8481               	bsf	3969,2,c	;volatile
   800                           
   801                           ;Lab7p3.c: 173: }
   802  00FED6  D00E               	goto	l133
   803  00FED8                     l760:
   804  00FED8  5001               	movf	Set_EW@color,w,c
   805                           
   806                           ; Switch size 1, requested type "space"
   807                           ; Number of cases is 4, Range of values is 0 to 3
   808                           ; switch strategies available:
   809                           ; Name         Instructions Cycles
   810                           ; simple_byte           13     7 (average)
   811                           ;	Chosen strategy is simple_byte
   812  00FEDA  0A00               	xorlw	0	; case 0
   813  00FEDC  B4D8               	btfsc	status,2,c
   814  00FEDE  D7F2               	goto	l128
   815  00FEE0  0A01               	xorlw	1	; case 1
   816  00FEE2  B4D8               	btfsc	status,2,c
   817  00FEE4  D7F1               	goto	l130
   818  00FEE6  0A03               	xorlw	3	; case 2
   819  00FEE8  B4D8               	btfsc	status,2,c
   820  00FEEA  D7F1               	goto	l131
   821  00FEEC  0A01               	xorlw	1	; case 3
   822  00FEEE  B4D8               	btfsc	status,2,c
   823  00FEF0  D7F0               	goto	l132
   824  00FEF2  D000               	goto	l133
   825  00FEF4                     l133:
   826  00FEF4  0012               	return		;funcret
   827  00FEF6                     __end_of_Set_EW:
   828                           	opt stack 0
   829                           tblptru	equ	0xFF8
   830                           intcon	equ	0xFF2
   831                           status	equ	0xFD8
   832                           
   833 ;; *************** function _Select_ADC_Channel *****************
   834 ;; Defined at:
   835 ;;		line 102 in file "Lab7p3.c"
   836 ;; Parameters:    Size  Location     Type
   837 ;;  channel         1    wreg     unsigned char 
   838 ;; Auto vars:     Size  Location     Type
   839 ;;  channel         1    0[COMRAM] unsigned char 
   840 ;; Return value:  Size  Location     Type
   841 ;;		None               void
   842 ;; Registers used:
   843 ;;		wreg, status,2, status,0, prodl, prodh
   844 ;; Tracked objects:
   845 ;;		On entry : 0/0
   846 ;;		On exit  : 0/0
   847 ;;		Unchanged: 0/0
   848 ;; Data sizes:     COMRAM   BANK0   BANK1   BANK2   BANK3   BANK4   BANK5   BANK6   BANK7   BANK8   BANK9  BANK10  BANK1
      +1  BANK12  BANK13  BANK14  BANK15
   849 ;;      Params:         0       0       0       0       0       0       0       0       0       0       0       0       
      +0       0       0       0       0
   850 ;;      Locals:         1       0       0       0       0       0       0       0       0       0       0       0       
      +0       0       0       0       0
   851 ;;      Temps:          0       0       0       0       0       0       0       0       0       0       0       0       
      +0       0       0       0       0
   852 ;;      Totals:         1       0       0       0       0       0       0       0       0       0       0       0       
      +0       0       0       0       0
   853 ;;Total ram usage:        1 bytes
   854 ;; Hardware stack levels used:    1
   855 ;; This function calls:
   856 ;;		Nothing
   857 ;; This function is called by:
   858 ;;		_main
   859 ;; This function uses a non-reentrant model
   860 ;;
   861                           
   862                           	psect	text9
   863  00FE3E                     __ptext9:
   864                           	opt stack 0
   865  00FE3E                     _Select_ADC_Channel:
   866                           	opt stack 30
   867                           
   868                           ;incstack = 0
   869                           ;Select_ADC_Channel@channel stored from wreg
   870  00FE3E  6E01               	movwf	Select_ADC_Channel@channel,c
   871                           
   872                           ;Lab7p3.c: 104: ADCON0 = channel * 4 + 1;
   873  00FE40  5001               	movf	Select_ADC_Channel@channel,w,c
   874  00FE42  0D04               	mullw	4
   875  00FE44  28F3               	incf	prodl,w,c
   876  00FE46  6EC2               	movwf	4034,c	;volatile
   877  00FE48  0012               	return		;funcret
   878  00FE4A                     __end_of_Select_ADC_Channel:
   879                           	opt stack 0
   880                           tblptru	equ	0xFF8
   881                           prodl	equ	0xFF3
   882                           intcon	equ	0xFF2
   883                           status	equ	0xFD8
   884                           
   885 ;; *************** function _Init_TRIS *****************
   886 ;; Defined at:
   887 ;;		line 93 in file "Lab7p3.c"
   888 ;; Parameters:    Size  Location     Type
   889 ;;		None
   890 ;; Auto vars:     Size  Location     Type
   891 ;;		None
   892 ;; Return value:  Size  Location     Type
   893 ;;		None               void
   894 ;; Registers used:
   895 ;;		wreg, status,2
   896 ;; Tracked objects:
   897 ;;		On entry : 0/0
   898 ;;		On exit  : 0/0
   899 ;;		Unchanged: 0/0
   900 ;; Data sizes:     COMRAM   BANK0   BANK1   BANK2   BANK3   BANK4   BANK5   BANK6   BANK7   BANK8   BANK9  BANK10  BANK1
      +1  BANK12  BANK13  BANK14  BANK15
   901 ;;      Params:         0       0       0       0       0       0       0       0       0       0       0       0       
      +0       0       0       0       0
   902 ;;      Locals:         0       0       0       0       0       0       0       0       0       0       0       0       
      +0       0       0       0       0
   903 ;;      Temps:          0       0       0       0       0       0       0       0       0       0       0       0       
      +0       0       0       0       0
   904 ;;      Totals:         0       0       0       0       0       0       0       0       0       0       0       0       
      +0       0       0       0       0
   905 ;;Total ram usage:        0 bytes
   906 ;; Hardware stack levels used:    1
   907 ;; This function calls:
   908 ;;		Nothing
   909 ;; This function is called by:
   910 ;;		_main
   911 ;; This function uses a non-reentrant model
   912 ;;
   913                           
   914                           	psect	text10
   915  00FE58                     __ptext10:
   916                           	opt stack 0
   917  00FE58                     _Init_TRIS:
   918                           	opt stack 30
   919                           
   920                           ;Lab7p3.c: 95: TRISA = 0x0F;
   921                           
   922                           ;incstack = 0
   923  00FE58  0E0F               	movlw	15
   924  00FE5A  6E92               	movwf	3986,c	;volatile
   925                           
   926                           ;Lab7p3.c: 96: TRISB = 0x00;
   927  00FE5C  0E00               	movlw	0
   928  00FE5E  6E93               	movwf	3987,c	;volatile
   929                           
   930                           ;Lab7p3.c: 97: TRISC = 0x00;
   931  00FE60  0E00               	movlw	0
   932  00FE62  6E94               	movwf	3988,c	;volatile
   933                           
   934                           ;Lab7p3.c: 98: TRISD = 0x00;
   935  00FE64  0E00               	movlw	0
   936  00FE66  6E95               	movwf	3989,c	;volatile
   937                           
   938                           ;Lab7p3.c: 99: TRISE = 0x00;
   939  00FE68  0E00               	movlw	0
   940  00FE6A  6E96               	movwf	3990,c	;volatile
   941  00FE6C  0012               	return		;funcret
   942  00FE6E                     __end_of_Init_TRIS:
   943                           	opt stack 0
   944                           tblptru	equ	0xFF8
   945                           prodl	equ	0xFF3
   946                           intcon	equ	0xFF2
   947                           status	equ	0xFD8
   948                           
   949 ;; *************** function _Init_ADC *****************
   950 ;; Defined at:
   951 ;;		line 86 in file "Lab7p3.c"
   952 ;; Parameters:    Size  Location     Type
   953 ;;		None
   954 ;; Auto vars:     Size  Location     Type
   955 ;;		None
   956 ;; Return value:  Size  Location     Type
   957 ;;		None               void
   958 ;; Registers used:
   959 ;;		wreg, status,2
   960 ;; Tracked objects:
   961 ;;		On entry : 0/0
   962 ;;		On exit  : 0/0
   963 ;;		Unchanged: 0/0
   964 ;; Data sizes:     COMRAM   BANK0   BANK1   BANK2   BANK3   BANK4   BANK5   BANK6   BANK7   BANK8   BANK9  BANK10  BANK1
      +1  BANK12  BANK13  BANK14  BANK15
   965 ;;      Params:         0       0       0       0       0       0       0       0       0       0       0       0       
      +0       0       0       0       0
   966 ;;      Locals:         0       0       0       0       0       0       0       0       0       0       0       0       
      +0       0       0       0       0
   967 ;;      Temps:          0       0       0       0       0       0       0       0       0       0       0       0       
      +0       0       0       0       0
   968 ;;      Totals:         0       0       0       0       0       0       0       0       0       0       0       0       
      +0       0       0       0       0
   969 ;;Total ram usage:        0 bytes
   970 ;; Hardware stack levels used:    1
   971 ;; This function calls:
   972 ;;		Nothing
   973 ;; This function is called by:
   974 ;;		_main
   975 ;; This function uses a non-reentrant model
   976 ;;
   977                           
   978                           	psect	text11
   979  00FE4A                     __ptext11:
   980                           	opt stack 0
   981  00FE4A                     _Init_ADC:
   982                           	opt stack 30
   983                           
   984                           ;Lab7p3.c: 88: ADCON0 = 0b00000001;
   985                           
   986                           ;incstack = 0
   987  00FE4A  0E01               	movlw	1
   988  00FE4C  6EC2               	movwf	4034,c	;volatile
   989                           
   990                           ;Lab7p3.c: 89: ADCON1 = 0b00011010;
   991  00FE4E  0E1A               	movlw	26
   992  00FE50  6EC1               	movwf	4033,c	;volatile
   993                           
   994                           ;Lab7p3.c: 90: ADCON2 = 0b11001001;
   995  00FE52  0EC9               	movlw	201
   996  00FE54  6EC0               	movwf	4032,c	;volatile
   997  00FE56  0012               	return		;funcret
   998  00FE58                     __end_of_Init_ADC:
   999                           	opt stack 0
  1000  0000                     tblptru	equ	0xFF8
  1001                           prodl	equ	0xFF3
  1002                           intcon	equ	0xFF2
  1003                           status	equ	0xFD8
  1004                           tblptru	equ	0xFF8
  1005                           prodl	equ	0xFF3
  1006                           intcon	equ	0xFF2
  1007                           status	equ	0xFD8
  1008                           
  1009                           	psect	rparam
  1010  0000                     tblptru	equ	0xFF8
  1011                           prodl	equ	0xFF3
  1012                           intcon	equ	0xFF2
  1013                           status	equ	0xFD8


Data Sizes:
    Strings     0
    Constant    0
    Data        0
    BSS         0
    Persistent  0
    Stack       0

Auto Spaces:
    Space          Size  Autos    Used
    COMRAM          127      6       6
    BANK0           128      0       0
    BANK1           256      0       0
    BANK2           256      0       0
    BANK3           256      0       0
    BANK4           256      0       0
    BANK5           256      0       0
    BANK6           256      0       0
    BANK7           256      0       0
    BANK8           256      0       0
    BANK9           256      0       0
    BANK10          256      0       0
    BANK11          256      0       0
    BANK12          256      0       0
    BANK13          256      0       0
    BANK14          256      0       0
    BANK15          128      0       0

Pointer List with Targets:

    None.

Critical Paths under _main in COMRAM

    _main->_get_full_ADC

Critical Paths under _main in BANK0

    None.

Critical Paths under _main in BANK1

    None.

Critical Paths under _main in BANK2

    None.

Critical Paths under _main in BANK3

    None.

Critical Paths under _main in BANK4

    None.

Critical Paths under _main in BANK5

    None.

Critical Paths under _main in BANK6

    None.

Critical Paths under _main in BANK7

    None.

Critical Paths under _main in BANK8

    None.

Critical Paths under _main in BANK9

    None.

Critical Paths under _main in BANK10

    None.

Critical Paths under _main in BANK11

    None.

Critical Paths under _main in BANK12

    None.

Critical Paths under _main in BANK13

    None.

Critical Paths under _main in BANK14

    None.

Critical Paths under _main in BANK15

    None.

Call Graph Tables:

 ---------------------------------------------------------------------------------
 (Depth) Function   	        Calls       Base Space   Used Autos Params    Refs
 ---------------------------------------------------------------------------------
 (0) _main                                                 2     2      0     200
                                              4 COMRAM     2     2      0
                           _Init_ADC
                          _Init_TRIS
                 _Select_ADC_Channel
                             _Set_EW
                           _Set_EWLT
                             _Set_NS
                           _Set_NSLT
                     _Wait_N_Seconds
                       _get_full_ADC
 ---------------------------------------------------------------------------------
 (1) _get_full_ADC                                         4     4      0       5
                                              0 COMRAM     4     4      0
 ---------------------------------------------------------------------------------
 (1) _Wait_N_Seconds                                       2     2      0      30
                                              0 COMRAM     2     2      0
                         _WAIT_1_SEC
 ---------------------------------------------------------------------------------
 (2) _WAIT_1_SEC                                           0     0      0       0
                      _WAIT_HALF_SEC
 ---------------------------------------------------------------------------------
 (3) _WAIT_HALF_SEC                                        0     0      0       0
 ---------------------------------------------------------------------------------
 (1) _Set_NSLT                                             1     1      0      15
                                              0 COMRAM     1     1      0
 ---------------------------------------------------------------------------------
 (1) _Set_NS                                               1     1      0      15
                                              0 COMRAM     1     1      0
 ---------------------------------------------------------------------------------
 (1) _Set_EWLT                                             1     1      0      15
                                              0 COMRAM     1     1      0
 ---------------------------------------------------------------------------------
 (1) _Set_EW                                               1     1      0      15
                                              0 COMRAM     1     1      0
 ---------------------------------------------------------------------------------
 (1) _Select_ADC_Channel                                   1     1      0      15
                                              0 COMRAM     1     1      0
 ---------------------------------------------------------------------------------
 (1) _Init_TRIS                                            0     0      0       0
 ---------------------------------------------------------------------------------
 (1) _Init_ADC                                             0     0      0       0
 ---------------------------------------------------------------------------------
 Estimated maximum stack depth 3
 ---------------------------------------------------------------------------------

 Call Graph Graphs:

 _main (ROOT)
   _Init_ADC
   _Init_TRIS
   _Select_ADC_Channel
   _Set_EW
   _Set_EWLT
   _Set_NS
   _Set_NSLT
   _Wait_N_Seconds
     _WAIT_1_SEC
       _WAIT_HALF_SEC
   _get_full_ADC

 Address spaces:
Name               Size   Autos  Total    Cost      Usage
BITCOMRAM           7F      0       0       0        0.0%
EEDATA             400      0       0       0        0.0%
NULL                 0      0       0       0        0.0%
CODE                 0      0       0       0        0.0%
COMRAM              7F      6       6       1        4.7%
STACK                0      0       0       2        0.0%
DATA                 0      0       0       3        0.0%
BITBANK0            80      0       0       4        0.0%
BANK0               80      0       0       5        0.0%
BITBANK1           100      0       0       6        0.0%
BANK1              100      0       0       7        0.0%
BITBANK2           100      0       0       8        0.0%
BANK2              100      0       0       9        0.0%
BITBANK3           100      0       0      10        0.0%
BANK3              100      0       0      11        0.0%
BITBANK4           100      0       0      12        0.0%
BANK4              100      0       0      13        0.0%
BITBANK5           100      0       0      14        0.0%
BANK5              100      0       0      15        0.0%
BITBANK6           100      0       0      16        0.0%
BANK6              100      0       0      17        0.0%
BITBANK7           100      0       0      18        0.0%
BANK7              100      0       0      19        0.0%
BITBANK8           100      0       0      20        0.0%
BANK8              100      0       0      21        0.0%
BITBANK9           100      0       0      22        0.0%
BANK9              100      0       0      23        0.0%
BITBANK10          100      0       0      24        0.0%
BANK10             100      0       0      25        0.0%
BITBANK11          100      0       0      26        0.0%
BANK11             100      0       0      27        0.0%
BITBANK12          100      0       0      28        0.0%
BANK12             100      0       0      29        0.0%
BITBANK13          100      0       0      30        0.0%
BANK13             100      0       0      31        0.0%
BITBANK14          100      0       0      32        0.0%
BANK14             100      0       0      33        0.0%
ABS                  0      0       0      34        0.0%
BITBANK15           80      0       0      35        0.0%
BANK15              80      0       0      36        0.0%
BIGRAM             F7F      0       0      37        0.0%
BITSFR               0      0       0      40        0.0%
SFR                  0      0       0      40        0.0%


Microchip Technology PIC18 Macro Assembler V1.34 build -361300703 
Symbol Table                                                                                   Thu Oct 20 12:15:35 2022

                         l91 FEBE                           l88 FEA6                           l97 FE80  
                        l110 FF30                          l112 FF34                          l113 FF3A  
                        l121 FF6A                          l130 FEC8                          l114 FF3E  
                        l122 FF70                          l131 FECE                          l115 FF60  
                        l123 FF74                          l132 FED2                          l140 FF04  
                        l124 FF96                          l133 FEF4                          l141 FF08  
                        l142 FF2A                          l119 FF66                          l128 FEC4  
                        l137 FEFA                          l139 FEFE                          l760 FED8  
                        l754 FF7A                          l770 FE90                          l748 FF44  
                        l766 FF0E                          l774 FE98                          l790 FFB6  
                        l794 FFC2                          l798 FFD6                 __CFG_LVP$OFF 000000  
               __CFG_WDT$OFF 000000                         _main FF98               ??_get_full_ADC 0001  
                       prodl 000FF3                         start 0000                 ___param_bank 000010  
                ?_WAIT_1_SEC 0001                        ?_main 0001                        _T0CON 000FD5  
                      _TMR0H 000FD7                        _TMR0L 000FD6                        _PORTB 000F81  
                      _PORTC 000F82                        _PORTD 000F83                        _PORTE 000F84  
                      _TRISA 000F92                        _TRISB 000F93                        _TRISC 000F94  
                      _TRISD 000F95                        _TRISE 000F96                        main@i 0005  
             __CFG_BOREN$OFF 000000                        status 000FD8               _Wait_N_Seconds FE88  
            __initialization FE34        __end_of_WAIT_HALF_SEC FE88                 __end_of_main 0000  
           __end_of_Init_ADC FE58             __end_of_Set_EWLT FF2C             __end_of_Set_NSLT FF98  
                     ??_main 0005                __activetblptr 000002        Wait_N_Seconds@seconds 0001  
                     _ADCON0 000FC2                       _ADCON1 000FC1                       _ADCON2 000FC0  
                     _ADRESH 000FC4                       _ADRESL 000FC3                       _OSCCON 000FD3  
         __size_of_Init_TRIS 0016          __size_of_WAIT_1_SEC 000A       __end_of_Wait_N_Seconds FEA2  
                     _Set_EW FEC0                       _Set_NS FF2C         __end_of_get_full_ADC FEC0  
                Set_EW@color 0001                       tblptru 000FF8                  Set_NS@color 0001  
                 __accesstop 0080      __end_of__initialization FE34              ?_Wait_N_Seconds 0001  
              ___rparam_used 000001               __pcstackCOMRAM 0001            __end_of_Init_TRIS FE6E  
                  ?_Init_ADC 0001   __end_of_Select_ADC_Channel FE4A                    ?_Set_EWLT 0001  
                  ?_Set_NSLT 0001                      ?_Set_EW 0001                      ?_Set_NS 0001  
         __CFG_CCP2MX$PORTBE 000000                 ??_WAIT_1_SEC 0001    Select_ADC_Channel@channel 0001  
                 ??_Init_ADC 0001           __end_of_WAIT_1_SEC FE34                   ??_Set_EWLT 0001  
                 ??_Set_NSLT 0001                      __Hparam 0000                      __Lparam 0000  
            __size_of_Set_EW 0036              __size_of_Set_NS 0036        __size_of_get_full_ADC 001E  
                    __pcinit FE34                      __ramtop 1000                      __ptext0 FF98  
                    __ptext1 FEA2                      __ptext2 FE88                      __ptext3 FE2A  
                    __ptext4 FE6E                      __ptext5 FF62                      __ptext6 FF2C  
                    __ptext7 FEF6                      __ptext8 FEC0                      __ptext9 FE3E  
                  _T0CONbits 000FD5         end_of_initialization FE34                __Lmediumconst 0000  
               _get_full_ADC FEA2                    _PORTAbits 000F80                    _PORTBbits 000F81  
                  _PORTEbits 000F84             ??_Wait_N_Seconds 0001       __size_of_WAIT_HALF_SEC 001A  
         get_full_ADC@result 0003               __end_of_Set_EW FEF6               __end_of_Set_NS FF62  
        start_initialization FE34                    _Init_TRIS FE58             __CFG_OSC$INTIO67 000000  
          __size_of_Init_ADC 000E              Wait_N_Seconds@i 0002                     ??_Set_EW 0001  
                   ??_Set_NS 0001            __size_of_Set_EWLT 0036            __size_of_Set_NSLT 0036  
              _WAIT_HALF_SEC FE6E           _Select_ADC_Channel FE3E          ?_Select_ADC_Channel 0001  
                 ?_Init_TRIS 0001         ??_Select_ADC_Channel 0001               ?_WAIT_HALF_SEC 0001  
                 _ADCON0bits 000FC2                  ??_Init_TRIS 0001                     _Init_ADC FE4A  
                   _Set_EWLT FEF6                     _Set_NSLT FF62                     __Hrparam 0000  
            ??_WAIT_HALF_SEC 0001                     __Lrparam 0000                     __ptext10 FE58  
                   __ptext11 FE4A                __size_of_main 0068                   _INTCONbits 000FF2  
              Set_EWLT@color 0001      __size_of_Wait_N_Seconds 001A                   _WAIT_1_SEC FE2A  
              Set_NSLT@color 0001                ?_get_full_ADC 0001  __size_of_Select_ADC_Channel 000C  
