Warning[205] C:\USERS\DARA\MPLABXPROJECTS\LAB4\PARTG1\LAB4PG1.X\LAB4PG1.ASM 4 : Found directive in column 1. (config)
Warning[205] C:\USERS\DARA\MPLABXPROJECTS\LAB4\PARTG1\LAB4PG1.X\LAB4PG1.ASM 5 : Found directive in column 1. (config)
Warning[205] C:\USERS\DARA\MPLABXPROJECTS\LAB4\PARTG1\LAB4PG1.X\LAB4PG1.ASM 6 : Found directive in column 1. (config)
Warning[205] C:\USERS\DARA\MPLABXPROJECTS\LAB4\PARTG1\LAB4PG1.X\LAB4PG1.ASM 7 : Found directive in column 1. (config)
Warning[205] C:\USERS\DARA\MPLABXPROJECTS\LAB4\PARTG1\LAB4PG1.X\LAB4PG1.ASM 13 : Found directive in column 1. (ORG)
Warning[207] C:\USERS\DARA\MPLABXPROJECTS\LAB4\PARTG1\LAB4PG1.X\LAB4PG1.ASM 74 : Found label after column 1. (TASK_XOR)
Warning[207] C:\USERS\DARA\MPLABXPROJECTS\LAB4\PARTG1\LAB4PG1.X\LAB4PG1.ASM 81 : Found label after column 1. (TASK_OR)
Warning[207] C:\USERS\DARA\MPLABXPROJECTS\LAB4\PARTG1\LAB4PG1.X\LAB4PG1.ASM 88 : Found label after column 1. (TASK_BCD)
Warning[203] C:\USERS\DARA\MPLABXPROJECTS\LAB4\PARTG1\LAB4PG1.X\LAB4PG1.ASM 103 : Found opcode in column 1. (MOVF)
Warning[203] C:\USERS\DARA\MPLABXPROJECTS\LAB4\PARTG1\LAB4PG1.X\LAB4PG1.ASM 104 : Found opcode in column 1. (ANDLW)
Warning[203] C:\USERS\DARA\MPLABXPROJECTS\LAB4\PARTG1\LAB4PG1.X\LAB4PG1.ASM 106 : Found opcode in column 1. (MOVWF)
Warning[203] C:\USERS\DARA\MPLABXPROJECTS\LAB4\PARTG1\LAB4PG1.X\LAB4PG1.ASM 108 : Found opcode in column 1. (COMF)
Warning[203] C:\USERS\DARA\MPLABXPROJECTS\LAB4\PARTG1\LAB4PG1.X\LAB4PG1.ASM 109 : Found opcode in column 1. (ANDLW)
Warning[203] C:\USERS\DARA\MPLABXPROJECTS\LAB4\PARTG1\LAB4PG1.X\LAB4PG1.ASM 110 : Found opcode in column 1. (MOVWF)
Warning[203] C:\USERS\DARA\MPLABXPROJECTS\LAB4\PARTG1\LAB4PG1.X\LAB4PG1.ASM 111 : Found opcode in column 1. (MOVFF)
Warning[203] C:\USERS\DARA\MPLABXPROJECTS\LAB4\PARTG1\LAB4PG1.X\LAB4PG1.ASM 113 : Found opcode in column 1. (BZ)
Warning[203] C:\USERS\DARA\MPLABXPROJECTS\LAB4\PARTG1\LAB4PG1.X\LAB4PG1.ASM 114 : Found opcode in column 1. (GOTO)
Warning[203] C:\USERS\DARA\MPLABXPROJECTS\LAB4\PARTG1\LAB4PG1.X\LAB4PG1.ASM 117 : Found opcode in column 1. (BCF)
Warning[203] C:\USERS\DARA\MPLABXPROJECTS\LAB4\PARTG1\LAB4PG1.X\LAB4PG1.ASM 118 : Found opcode in column 1. (GOTO)
Warning[203] C:\USERS\DARA\MPLABXPROJECTS\LAB4\PARTG1\LAB4PG1.X\LAB4PG1.ASM 121 : Found opcode in column 1. (BSF)
Warning[203] C:\USERS\DARA\MPLABXPROJECTS\LAB4\PARTG1\LAB4PG1.X\LAB4PG1.ASM 125 : Found opcode in column 1. (RETURN)
Warning[203] C:\USERS\DARA\MPLABXPROJECTS\LAB4\PARTG1\LAB4PG1.X\LAB4PG1.ASM 132 : Found opcode in column 1. (MOVF)
Warning[203] C:\USERS\DARA\MPLABXPROJECTS\LAB4\PARTG1\LAB4PG1.X\LAB4PG1.ASM 133 : Found opcode in column 1. (ANDLW)
Warning[203] C:\USERS\DARA\MPLABXPROJECTS\LAB4\PARTG1\LAB4PG1.X\LAB4PG1.ASM 134 : Found opcode in column 1. (MOVWF)
Warning[203] C:\USERS\DARA\MPLABXPROJECTS\LAB4\PARTG1\LAB4PG1.X\LAB4PG1.ASM 136 : Found opcode in column 1. (MOVF)
Warning[203] C:\USERS\DARA\MPLABXPROJECTS\LAB4\PARTG1\LAB4PG1.X\LAB4PG1.ASM 137 : Found opcode in column 1. (ANDLW)
Warning[203] C:\USERS\DARA\MPLABXPROJECTS\LAB4\PARTG1\LAB4PG1.X\LAB4PG1.ASM 138 : Found opcode in column 1. (MOVWF)
Warning[203] C:\USERS\DARA\MPLABXPROJECTS\LAB4\PARTG1\LAB4PG1.X\LAB4PG1.ASM 140 : Found opcode in column 1. (MOVWF)
Warning[203] C:\USERS\DARA\MPLABXPROJECTS\LAB4\PARTG1\LAB4PG1.X\LAB4PG1.ASM 141 : Found opcode in column 1. (ADDWF)
Warning[203] C:\USERS\DARA\MPLABXPROJECTS\LAB4\PARTG1\LAB4PG1.X\LAB4PG1.ASM 142 : Found opcode in column 1. (MOVWF)
Warning[203] C:\USERS\DARA\MPLABXPROJECTS\LAB4\PARTG1\LAB4PG1.X\LAB4PG1.ASM 144 : Found opcode in column 1. (MOVFF)
Warning[203] C:\USERS\DARA\MPLABXPROJECTS\LAB4\PARTG1\LAB4PG1.X\LAB4PG1.ASM 147 : Found opcode in column 1. (BZ)
Warning[203] C:\USERS\DARA\MPLABXPROJECTS\LAB4\PARTG1\LAB4PG1.X\LAB4PG1.ASM 148 : Found opcode in column 1. (GOTO)
Warning[203] C:\USERS\DARA\MPLABXPROJECTS\LAB4\PARTG1\LAB4PG1.X\LAB4PG1.ASM 151 : Found opcode in column 1. (BCF)
Warning[203] C:\USERS\DARA\MPLABXPROJECTS\LAB4\PARTG1\LAB4PG1.X\LAB4PG1.ASM 152 : Found opcode in column 1. (GOTO)
Warning[203] C:\USERS\DARA\MPLABXPROJECTS\LAB4\PARTG1\LAB4PG1.X\LAB4PG1.ASM 155 : Found opcode in column 1. (BSF)
Warning[203] C:\USERS\DARA\MPLABXPROJECTS\LAB4\PARTG1\LAB4PG1.X\LAB4PG1.ASM 159 : Found opcode in column 1. (RETURN)
Warning[203] C:\USERS\DARA\MPLABXPROJECTS\LAB4\PARTG1\LAB4PG1.X\LAB4PG1.ASM 167 : Found opcode in column 1. (MOVF)
Warning[203] C:\USERS\DARA\MPLABXPROJECTS\LAB4\PARTG1\LAB4PG1.X\LAB4PG1.ASM 168 : Found opcode in column 1. (ANDLW)
Warning[203] C:\USERS\DARA\MPLABXPROJECTS\LAB4\PARTG1\LAB4PG1.X\LAB4PG1.ASM 169 : Found opcode in column 1. (MOVWF)
Warning[203] C:\USERS\DARA\MPLABXPROJECTS\LAB4\PARTG1\LAB4PG1.X\LAB4PG1.ASM 171 : Found opcode in column 1. (MOVF)
Warning[203] C:\USERS\DARA\MPLABXPROJECTS\LAB4\PARTG1\LAB4PG1.X\LAB4PG1.ASM 172 : Found opcode in column 1. (ANDLW)
Warning[203] C:\USERS\DARA\MPLABXPROJECTS\LAB4\PARTG1\LAB4PG1.X\LAB4PG1.ASM 173 : Found opcode in column 1. (MOVWF)
Warning[203] C:\USERS\DARA\MPLABXPROJECTS\LAB4\PARTG1\LAB4PG1.X\LAB4PG1.ASM 175 : Found opcode in column 1. (MOVWF)
Warning[203] C:\USERS\DARA\MPLABXPROJECTS\LAB4\PARTG1\LAB4PG1.X\LAB4PG1.ASM 176 : Found opcode in column 1. (XORWF)
Warning[203] C:\USERS\DARA\MPLABXPROJECTS\LAB4\PARTG1\LAB4PG1.X\LAB4PG1.ASM 177 : Found opcode in column 1. (MOVWF)
Warning[203] C:\USERS\DARA\MPLABXPROJECTS\LAB4\PARTG1\LAB4PG1.X\LAB4PG1.ASM 179 : Found opcode in column 1. (MOVFF)
Warning[203] C:\USERS\DARA\MPLABXPROJECTS\LAB4\PARTG1\LAB4PG1.X\LAB4PG1.ASM 181 : Found opcode in column 1. (BZ)
Warning[203] C:\USERS\DARA\MPLABXPROJECTS\LAB4\PARTG1\LAB4PG1.X\LAB4PG1.ASM 182 : Found opcode in column 1. (GOTO)
Warning[203] C:\USERS\DARA\MPLABXPROJECTS\LAB4\PARTG1\LAB4PG1.X\LAB4PG1.ASM 185 : Found opcode in column 1. (BCF)
Warning[203] C:\USERS\DARA\MPLABXPROJECTS\LAB4\PARTG1\LAB4PG1.X\LAB4PG1.ASM 186 : Found opcode in column 1. (GOTO)
Warning[203] C:\USERS\DARA\MPLABXPROJECTS\LAB4\PARTG1\LAB4PG1.X\LAB4PG1.ASM 189 : Found opcode in column 1. (BSF)
Warning[203] C:\USERS\DARA\MPLABXPROJECTS\LAB4\PARTG1\LAB4PG1.X\LAB4PG1.ASM 193 : Found opcode in column 1. (RETURN)
Warning[203] C:\USERS\DARA\MPLABXPROJECTS\LAB4\PARTG1\LAB4PG1.X\LAB4PG1.ASM 202 : Found opcode in column 1. (MOVF)
Warning[203] C:\USERS\DARA\MPLABXPROJECTS\LAB4\PARTG1\LAB4PG1.X\LAB4PG1.ASM 203 : Found opcode in column 1. (ANDLW)
Warning[203] C:\USERS\DARA\MPLABXPROJECTS\LAB4\PARTG1\LAB4PG1.X\LAB4PG1.ASM 204 : Found opcode in column 1. (MOVWF)
Warning[203] C:\USERS\DARA\MPLABXPROJECTS\LAB4\PARTG1\LAB4PG1.X\LAB4PG1.ASM 206 : Found opcode in column 1. (MOVF)
Warning[203] C:\USERS\DARA\MPLABXPROJECTS\LAB4\PARTG1\LAB4PG1.X\LAB4PG1.ASM 207 : Found opcode in column 1. (ANDLW)
Warning[203] C:\USERS\DARA\MPLABXPROJECTS\LAB4\PARTG1\LAB4PG1.X\LAB4PG1.ASM 208 : Found opcode in column 1. (MOVWF)
Warning[203] C:\USERS\DARA\MPLABXPROJECTS\LAB4\PARTG1\LAB4PG1.X\LAB4PG1.ASM 210 : Found opcode in column 1. (MOVWF)
Warning[203] C:\USERS\DARA\MPLABXPROJECTS\LAB4\PARTG1\LAB4PG1.X\LAB4PG1.ASM 211 : Found opcode in column 1. (IORWF)
Warning[203] C:\USERS\DARA\MPLABXPROJECTS\LAB4\PARTG1\LAB4PG1.X\LAB4PG1.ASM 212 : Found opcode in column 1. (MOVWF)
Warning[203] C:\USERS\DARA\MPLABXPROJECTS\LAB4\PARTG1\LAB4PG1.X\LAB4PG1.ASM 214 : Found opcode in column 1. (MOVFF)
Warning[203] C:\USERS\DARA\MPLABXPROJECTS\LAB4\PARTG1\LAB4PG1.X\LAB4PG1.ASM 216 : Found opcode in column 1. (BZ)
Warning[203] C:\USERS\DARA\MPLABXPROJECTS\LAB4\PARTG1\LAB4PG1.X\LAB4PG1.ASM 217 : Found opcode in column 1. (GOTO)
Warning[203] C:\USERS\DARA\MPLABXPROJECTS\LAB4\PARTG1\LAB4PG1.X\LAB4PG1.ASM 220 : Found opcode in column 1. (BCF)
Warning[203] C:\USERS\DARA\MPLABXPROJECTS\LAB4\PARTG1\LAB4PG1.X\LAB4PG1.ASM 221 : Found opcode in column 1. (GOTO)
Warning[203] C:\USERS\DARA\MPLABXPROJECTS\LAB4\PARTG1\LAB4PG1.X\LAB4PG1.ASM 224 : Found opcode in column 1. (BSF)
Warning[203] C:\USERS\DARA\MPLABXPROJECTS\LAB4\PARTG1\LAB4PG1.X\LAB4PG1.ASM 228 : Found opcode in column 1. (RETURN)
Warning[207] C:\USERS\DARA\MPLABXPROJECTS\LAB4\PARTG1\LAB4PG1.X\LAB4PG1.ASM 249 : Found label after column 1. (Clear_ZFlag5)
Warning[207] C:\USERS\DARA\MPLABXPROJECTS\LAB4\PARTG1\LAB4PG1.X\LAB4PG1.ASM 253 : Found label after column 1. (Set_ZFlag5)
Warning[207] C:\USERS\DARA\MPLABXPROJECTS\LAB4\PARTG1\LAB4PG1.X\LAB4PG1.ASM 258 : Found label after column 1. (OUTPUT)
Warning[207] C:\USERS\DARA\MPLABXPROJECTS\LAB4\PARTG1\LAB4PG1.X\LAB4PG1.ASM 264 : Found label after column 1. (DONE5)
