Warning[205] C:\USERS\DARA\MPLABXPROJECTS\LAB4\PARTF\LAB4PF.X\LAB4PF.ASM 4 : Found directive in column 1. (config)
Warning[205] C:\USERS\DARA\MPLABXPROJECTS\LAB4\PARTF\LAB4PF.X\LAB4PF.ASM 5 : Found directive in column 1. (config)
Warning[205] C:\USERS\DARA\MPLABXPROJECTS\LAB4\PARTF\LAB4PF.X\LAB4PF.ASM 6 : Found directive in column 1. (config)
Warning[205] C:\USERS\DARA\MPLABXPROJECTS\LAB4\PARTF\LAB4PF.X\LAB4PF.ASM 7 : Found directive in column 1. (config)
Warning[205] C:\USERS\DARA\MPLABXPROJECTS\LAB4\PARTF\LAB4PF.X\LAB4PF.ASM 13 : Found directive in column 1. (ORG)
Warning[203] C:\USERS\DARA\MPLABXPROJECTS\LAB4\PARTF\LAB4PF.X\LAB4PF.ASM 19 : Found opcode in column 1. (MOVF)
Warning[203] C:\USERS\DARA\MPLABXPROJECTS\LAB4\PARTF\LAB4PF.X\LAB4PF.ASM 20 : Found opcode in column 1. (ANDLW)
Warning[203] C:\USERS\DARA\MPLABXPROJECTS\LAB4\PARTF\LAB4PF.X\LAB4PF.ASM 21 : Found opcode in column 1. (MOVWF)
Warning[203] C:\USERS\DARA\MPLABXPROJECTS\LAB4\PARTF\LAB4PF.X\LAB4PF.ASM 24 : Found opcode in column 1. (MOVLW)
Warning[203] C:\USERS\DARA\MPLABXPROJECTS\LAB4\PARTF\LAB4PF.X\LAB4PF.ASM 26 : Found opcode in column 1. (CPFSGT)
Warning[203] C:\USERS\DARA\MPLABXPROJECTS\LAB4\PARTF\LAB4PF.X\LAB4PF.ASM 51 : Found opcode in column 1. (MOVF)
Warning[203] C:\USERS\DARA\MPLABXPROJECTS\LAB4\PARTF\LAB4PF.X\LAB4PF.ASM 52 : Found opcode in column 1. (ANDLW)
Warning[203] C:\USERS\DARA\MPLABXPROJECTS\LAB4\PARTF\LAB4PF.X\LAB4PF.ASM 53 : Found opcode in column 1. (MOVWF)
Warning[203] C:\USERS\DARA\MPLABXPROJECTS\LAB4\PARTF\LAB4PF.X\LAB4PF.ASM 55 : Found opcode in column 1. (MOVF)
Warning[203] C:\USERS\DARA\MPLABXPROJECTS\LAB4\PARTF\LAB4PF.X\LAB4PF.ASM 56 : Found opcode in column 1. (ANDLW)
Warning[203] C:\USERS\DARA\MPLABXPROJECTS\LAB4\PARTF\LAB4PF.X\LAB4PF.ASM 57 : Found opcode in column 1. (MOVWF)
Warning[203] C:\USERS\DARA\MPLABXPROJECTS\LAB4\PARTF\LAB4PF.X\LAB4PF.ASM 59 : Found opcode in column 1. (MOVWF)
Warning[203] C:\USERS\DARA\MPLABXPROJECTS\LAB4\PARTF\LAB4PF.X\LAB4PF.ASM 60 : Found opcode in column 1. (IORWF)
Warning[203] C:\USERS\DARA\MPLABXPROJECTS\LAB4\PARTF\LAB4PF.X\LAB4PF.ASM 61 : Found opcode in column 1. (MOVWF)
Warning[203] C:\USERS\DARA\MPLABXPROJECTS\LAB4\PARTF\LAB4PF.X\LAB4PF.ASM 63 : Found opcode in column 1. (MOVFF)
Warning[203] C:\USERS\DARA\MPLABXPROJECTS\LAB4\PARTF\LAB4PF.X\LAB4PF.ASM 68 : Found opcode in column 1. (BZ)
Warning[203] C:\USERS\DARA\MPLABXPROJECTS\LAB4\PARTF\LAB4PF.X\LAB4PF.ASM 70 : Found opcode in column 1. (GOTO)
Warning[203] C:\USERS\DARA\MPLABXPROJECTS\LAB4\PARTF\LAB4PF.X\LAB4PF.ASM 76 : Found opcode in column 1. (GOTO)
Warning[203] C:\USERS\DARA\MPLABXPROJECTS\LAB4\PARTF\LAB4PF.X\LAB4PF.ASM 79 : Found opcode in column 1. (RETURN)
