Warning[205] C:\USERS\DARA\MPLABXPROJECTS\LAB4\PARTG\LAB4PG.X\LAB4PG.ASM 3 : Found directive in column 1. (config)
Warning[205] C:\USERS\DARA\MPLABXPROJECTS\LAB4\PARTG\LAB4PG.X\LAB4PG.ASM 4 : Found directive in column 1. (config)
Warning[205] C:\USERS\DARA\MPLABXPROJECTS\LAB4\PARTG\LAB4PG.X\LAB4PG.ASM 5 : Found directive in column 1. (config)
Warning[205] C:\USERS\DARA\MPLABXPROJECTS\LAB4\PARTG\LAB4PG.X\LAB4PG.ASM 6 : Found directive in column 1. (config)
Warning[205] C:\USERS\DARA\MPLABXPROJECTS\LAB4\PARTG\LAB4PG.X\LAB4PG.ASM 12 : Found directive in column 1. (ORG)
Warning[207] C:\USERS\DARA\MPLABXPROJECTS\LAB4\PARTG\LAB4PG.X\LAB4PG.ASM 73 : Found label after column 1. (TASK_XOR)
Warning[207] C:\USERS\DARA\MPLABXPROJECTS\LAB4\PARTG\LAB4PG.X\LAB4PG.ASM 80 : Found label after column 1. (TASK_OR)
Warning[207] C:\USERS\DARA\MPLABXPROJECTS\LAB4\PARTG\LAB4PG.X\LAB4PG.ASM 87 : Found label after column 1. (TASK_BCD)
Warning[203] C:\USERS\DARA\MPLABXPROJECTS\LAB4\PARTG\LAB4PG.X\LAB4PG.ASM 102 : Found opcode in column 1. (MOVF)
Warning[203] C:\USERS\DARA\MPLABXPROJECTS\LAB4\PARTG\LAB4PG.X\LAB4PG.ASM 103 : Found opcode in column 1. (ANDLW)
Warning[203] C:\USERS\DARA\MPLABXPROJECTS\LAB4\PARTG\LAB4PG.X\LAB4PG.ASM 105 : Found opcode in column 1. (MOVWF)
Warning[203] C:\USERS\DARA\MPLABXPROJECTS\LAB4\PARTG\LAB4PG.X\LAB4PG.ASM 107 : Found opcode in column 1. (COMF)
Warning[203] C:\USERS\DARA\MPLABXPROJECTS\LAB4\PARTG\LAB4PG.X\LAB4PG.ASM 108 : Found opcode in column 1. (ANDLW)
Warning[203] C:\USERS\DARA\MPLABXPROJECTS\LAB4\PARTG\LAB4PG.X\LAB4PG.ASM 109 : Found opcode in column 1. (MOVWF)
Warning[203] C:\USERS\DARA\MPLABXPROJECTS\LAB4\PARTG\LAB4PG.X\LAB4PG.ASM 110 : Found opcode in column 1. (MOVFF)
Warning[203] C:\USERS\DARA\MPLABXPROJECTS\LAB4\PARTG\LAB4PG.X\LAB4PG.ASM 113 : Found opcode in column 1. (BZ)
Warning[203] C:\USERS\DARA\MPLABXPROJECTS\LAB4\PARTG\LAB4PG.X\LAB4PG.ASM 114 : Found opcode in column 1. (GOTO)
Warning[203] C:\USERS\DARA\MPLABXPROJECTS\LAB4\PARTG\LAB4PG.X\LAB4PG.ASM 117 : Found opcode in column 1. (BCF)
Warning[203] C:\USERS\DARA\MPLABXPROJECTS\LAB4\PARTG\LAB4PG.X\LAB4PG.ASM 118 : Found opcode in column 1. (GOTO)
Warning[203] C:\USERS\DARA\MPLABXPROJECTS\LAB4\PARTG\LAB4PG.X\LAB4PG.ASM 121 : Found opcode in column 1. (BSF)
Warning[203] C:\USERS\DARA\MPLABXPROJECTS\LAB4\PARTG\LAB4PG.X\LAB4PG.ASM 125 : Found opcode in column 1. (RETURN)
Warning[203] C:\USERS\DARA\MPLABXPROJECTS\LAB4\PARTG\LAB4PG.X\LAB4PG.ASM 132 : Found opcode in column 1. (MOVF)
Warning[203] C:\USERS\DARA\MPLABXPROJECTS\LAB4\PARTG\LAB4PG.X\LAB4PG.ASM 133 : Found opcode in column 1. (ANDLW)
Warning[203] C:\USERS\DARA\MPLABXPROJECTS\LAB4\PARTG\LAB4PG.X\LAB4PG.ASM 134 : Found opcode in column 1. (MOVWF)
Warning[203] C:\USERS\DARA\MPLABXPROJECTS\LAB4\PARTG\LAB4PG.X\LAB4PG.ASM 136 : Found opcode in column 1. (MOVF)
Warning[203] C:\USERS\DARA\MPLABXPROJECTS\LAB4\PARTG\LAB4PG.X\LAB4PG.ASM 137 : Found opcode in column 1. (ANDLW)
Warning[203] C:\USERS\DARA\MPLABXPROJECTS\LAB4\PARTG\LAB4PG.X\LAB4PG.ASM 138 : Found opcode in column 1. (MOVWF)
Warning[203] C:\USERS\DARA\MPLABXPROJECTS\LAB4\PARTG\LAB4PG.X\LAB4PG.ASM 140 : Found opcode in column 1. (MOVWF)
Warning[203] C:\USERS\DARA\MPLABXPROJECTS\LAB4\PARTG\LAB4PG.X\LAB4PG.ASM 141 : Found opcode in column 1. (ADDWF)
Warning[203] C:\USERS\DARA\MPLABXPROJECTS\LAB4\PARTG\LAB4PG.X\LAB4PG.ASM 142 : Found opcode in column 1. (MOVWF)
Warning[203] C:\USERS\DARA\MPLABXPROJECTS\LAB4\PARTG\LAB4PG.X\LAB4PG.ASM 144 : Found opcode in column 1. (MOVFF)
Warning[203] C:\USERS\DARA\MPLABXPROJECTS\LAB4\PARTG\LAB4PG.X\LAB4PG.ASM 147 : Found opcode in column 1. (BZ)
Warning[203] C:\USERS\DARA\MPLABXPROJECTS\LAB4\PARTG\LAB4PG.X\LAB4PG.ASM 148 : Found opcode in column 1. (GOTO)
Warning[203] C:\USERS\DARA\MPLABXPROJECTS\LAB4\PARTG\LAB4PG.X\LAB4PG.ASM 151 : Found opcode in column 1. (BCF)
Warning[203] C:\USERS\DARA\MPLABXPROJECTS\LAB4\PARTG\LAB4PG.X\LAB4PG.ASM 152 : Found opcode in column 1. (GOTO)
Warning[203] C:\USERS\DARA\MPLABXPROJECTS\LAB4\PARTG\LAB4PG.X\LAB4PG.ASM 155 : Found opcode in column 1. (BSF)
Warning[203] C:\USERS\DARA\MPLABXPROJECTS\LAB4\PARTG\LAB4PG.X\LAB4PG.ASM 159 : Found opcode in column 1. (RETURN)
Warning[203] C:\USERS\DARA\MPLABXPROJECTS\LAB4\PARTG\LAB4PG.X\LAB4PG.ASM 167 : Found opcode in column 1. (MOVF)
Warning[203] C:\USERS\DARA\MPLABXPROJECTS\LAB4\PARTG\LAB4PG.X\LAB4PG.ASM 168 : Found opcode in column 1. (ANDLW)
Warning[203] C:\USERS\DARA\MPLABXPROJECTS\LAB4\PARTG\LAB4PG.X\LAB4PG.ASM 169 : Found opcode in column 1. (MOVWF)
Warning[203] C:\USERS\DARA\MPLABXPROJECTS\LAB4\PARTG\LAB4PG.X\LAB4PG.ASM 171 : Found opcode in column 1. (MOVF)
Warning[203] C:\USERS\DARA\MPLABXPROJECTS\LAB4\PARTG\LAB4PG.X\LAB4PG.ASM 172 : Found opcode in column 1. (ANDLW)
Warning[203] C:\USERS\DARA\MPLABXPROJECTS\LAB4\PARTG\LAB4PG.X\LAB4PG.ASM 173 : Found opcode in column 1. (MOVWF)
Warning[203] C:\USERS\DARA\MPLABXPROJECTS\LAB4\PARTG\LAB4PG.X\LAB4PG.ASM 175 : Found opcode in column 1. (MOVWF)
Warning[203] C:\USERS\DARA\MPLABXPROJECTS\LAB4\PARTG\LAB4PG.X\LAB4PG.ASM 176 : Found opcode in column 1. (XORWF)
Warning[203] C:\USERS\DARA\MPLABXPROJECTS\LAB4\PARTG\LAB4PG.X\LAB4PG.ASM 177 : Found opcode in column 1. (MOVWF)
Warning[203] C:\USERS\DARA\MPLABXPROJECTS\LAB4\PARTG\LAB4PG.X\LAB4PG.ASM 179 : Found opcode in column 1. (MOVFF)
Warning[203] C:\USERS\DARA\MPLABXPROJECTS\LAB4\PARTG\LAB4PG.X\LAB4PG.ASM 181 : Found opcode in column 1. (BZ)
Warning[203] C:\USERS\DARA\MPLABXPROJECTS\LAB4\PARTG\LAB4PG.X\LAB4PG.ASM 182 : Found opcode in column 1. (GOTO)
Warning[203] C:\USERS\DARA\MPLABXPROJECTS\LAB4\PARTG\LAB4PG.X\LAB4PG.ASM 185 : Found opcode in column 1. (BCF)
Warning[203] C:\USERS\DARA\MPLABXPROJECTS\LAB4\PARTG\LAB4PG.X\LAB4PG.ASM 186 : Found opcode in column 1. (GOTO)
Warning[203] C:\USERS\DARA\MPLABXPROJECTS\LAB4\PARTG\LAB4PG.X\LAB4PG.ASM 189 : Found opcode in column 1. (BSF)
Warning[203] C:\USERS\DARA\MPLABXPROJECTS\LAB4\PARTG\LAB4PG.X\LAB4PG.ASM 193 : Found opcode in column 1. (RETURN)
Warning[203] C:\USERS\DARA\MPLABXPROJECTS\LAB4\PARTG\LAB4PG.X\LAB4PG.ASM 202 : Found opcode in column 1. (MOVF)
Warning[203] C:\USERS\DARA\MPLABXPROJECTS\LAB4\PARTG\LAB4PG.X\LAB4PG.ASM 203 : Found opcode in column 1. (ANDLW)
Warning[203] C:\USERS\DARA\MPLABXPROJECTS\LAB4\PARTG\LAB4PG.X\LAB4PG.ASM 204 : Found opcode in column 1. (MOVWF)
Warning[203] C:\USERS\DARA\MPLABXPROJECTS\LAB4\PARTG\LAB4PG.X\LAB4PG.ASM 206 : Found opcode in column 1. (MOVF)
Warning[203] C:\USERS\DARA\MPLABXPROJECTS\LAB4\PARTG\LAB4PG.X\LAB4PG.ASM 207 : Found opcode in column 1. (ANDLW)
Warning[203] C:\USERS\DARA\MPLABXPROJECTS\LAB4\PARTG\LAB4PG.X\LAB4PG.ASM 208 : Found opcode in column 1. (MOVWF)
Warning[203] C:\USERS\DARA\MPLABXPROJECTS\LAB4\PARTG\LAB4PG.X\LAB4PG.ASM 210 : Found opcode in column 1. (MOVWF)
Warning[203] C:\USERS\DARA\MPLABXPROJECTS\LAB4\PARTG\LAB4PG.X\LAB4PG.ASM 211 : Found opcode in column 1. (IORWF)
Warning[203] C:\USERS\DARA\MPLABXPROJECTS\LAB4\PARTG\LAB4PG.X\LAB4PG.ASM 212 : Found opcode in column 1. (MOVWF)
Warning[203] C:\USERS\DARA\MPLABXPROJECTS\LAB4\PARTG\LAB4PG.X\LAB4PG.ASM 214 : Found opcode in column 1. (MOVFF)
Warning[203] C:\USERS\DARA\MPLABXPROJECTS\LAB4\PARTG\LAB4PG.X\LAB4PG.ASM 216 : Found opcode in column 1. (BZ)
Warning[203] C:\USERS\DARA\MPLABXPROJECTS\LAB4\PARTG\LAB4PG.X\LAB4PG.ASM 217 : Found opcode in column 1. (GOTO)
Warning[203] C:\USERS\DARA\MPLABXPROJECTS\LAB4\PARTG\LAB4PG.X\LAB4PG.ASM 220 : Found opcode in column 1. (BCF)
Warning[203] C:\USERS\DARA\MPLABXPROJECTS\LAB4\PARTG\LAB4PG.X\LAB4PG.ASM 221 : Found opcode in column 1. (GOTO)
Warning[203] C:\USERS\DARA\MPLABXPROJECTS\LAB4\PARTG\LAB4PG.X\LAB4PG.ASM 224 : Found opcode in column 1. (BSF)
Warning[203] C:\USERS\DARA\MPLABXPROJECTS\LAB4\PARTG\LAB4PG.X\LAB4PG.ASM 228 : Found opcode in column 1. (RETURN)
Warning[203] C:\USERS\DARA\MPLABXPROJECTS\LAB4\PARTG\LAB4PG.X\LAB4PG.ASM 234 : Found opcode in column 1. (MOVF)
Warning[203] C:\USERS\DARA\MPLABXPROJECTS\LAB4\PARTG\LAB4PG.X\LAB4PG.ASM 236 : Found opcode in column 1. (ANDLW)
Warning[203] C:\USERS\DARA\MPLABXPROJECTS\LAB4\PARTG\LAB4PG.X\LAB4PG.ASM 237 : Found opcode in column 1. (MOVWF)
Warning[203] C:\USERS\DARA\MPLABXPROJECTS\LAB4\PARTG\LAB4PG.X\LAB4PG.ASM 240 : Found opcode in column 1. (MOVLW)
Warning[203] C:\USERS\DARA\MPLABXPROJECTS\LAB4\PARTG\LAB4PG.X\LAB4PG.ASM 242 : Found opcode in column 1. (CPFSGT)
Warning[207] C:\USERS\DARA\MPLABXPROJECTS\LAB4\PARTG\LAB4PG.X\LAB4PG.ASM 252 : Found label after column 1. (Clear_ZFlag5)
Warning[207] C:\USERS\DARA\MPLABXPROJECTS\LAB4\PARTG\LAB4PG.X\LAB4PG.ASM 256 : Found label after column 1. (Set_ZFlag5)
Warning[207] C:\USERS\DARA\MPLABXPROJECTS\LAB4\PARTG\LAB4PG.X\LAB4PG.ASM 259 : Found label after column 1. (OUTPUT)
Warning[207] C:\USERS\DARA\MPLABXPROJECTS\LAB4\PARTG\LAB4PG.X\LAB4PG.ASM 264 : Found label after column 1. (DONE5)
