Warning[205] C:\USERS\DARA\MPLABXPROJECTS\LAB3\PART1\LAB3P1.X\LAB3P1.ASM 4 : Found directive in column 1. (config)
Warning[205] C:\USERS\DARA\MPLABXPROJECTS\LAB3\PART1\LAB3P1.X\LAB3P1.ASM 5 : Found directive in column 1. (config)
Warning[205] C:\USERS\DARA\MPLABXPROJECTS\LAB3\PART1\LAB3P1.X\LAB3P1.ASM 6 : Found directive in column 1. (config)
Warning[205] C:\USERS\DARA\MPLABXPROJECTS\LAB3\PART1\LAB3P1.X\LAB3P1.ASM 7 : Found directive in column 1. (config)
Warning[205] C:\USERS\DARA\MPLABXPROJECTS\LAB3\PART1\LAB3P1.X\LAB3P1.ASM 13 : Found directive in column 1. (ORG)
Warning[203] C:\USERS\DARA\MPLABXPROJECTS\LAB3\PART1\LAB3P1.X\LAB3P1.ASM 23 : Found opcode in column 1. (MOVLW)
Warning[203] C:\USERS\DARA\MPLABXPROJECTS\LAB3\PART1\LAB3P1.X\LAB3P1.ASM 24 : Found opcode in column 1. (MOVWF)
Warning[203] C:\USERS\DARA\MPLABXPROJECTS\LAB3\PART1\LAB3P1.X\LAB3P1.ASM 26 : Found opcode in column 1. (CALL)
Warning[203] C:\USERS\DARA\MPLABXPROJECTS\LAB3\PART1\LAB3P1.X\LAB3P1.ASM 27 : Found opcode in column 1. (MOVLW)
Warning[203] C:\USERS\DARA\MPLABXPROJECTS\LAB3\PART1\LAB3P1.X\LAB3P1.ASM 28 : Found opcode in column 1. (MOVWF)
Warning[203] C:\USERS\DARA\MPLABXPROJECTS\LAB3\PART1\LAB3P1.X\LAB3P1.ASM 29 : Found opcode in column 1. (CALL)
Warning[203] C:\USERS\DARA\MPLABXPROJECTS\LAB3\PART1\LAB3P1.X\LAB3P1.ASM 30 : Found opcode in column 1. (GOTO)
Warning[203] C:\USERS\DARA\MPLABXPROJECTS\LAB3\PART1\LAB3P1.X\LAB3P1.ASM 33 : Found opcode in column 1. (MOVLW)
Warning[203] C:\USERS\DARA\MPLABXPROJECTS\LAB3\PART1\LAB3P1.X\LAB3P1.ASM 34 : Found opcode in column 1. (MOVWF)
Warning[203] C:\USERS\DARA\MPLABXPROJECTS\LAB3\PART1\LAB3P1.X\LAB3P1.ASM 37 : Found opcode in column 1. (NOP)
Warning[203] C:\USERS\DARA\MPLABXPROJECTS\LAB3\PART1\LAB3P1.X\LAB3P1.ASM 38 : Found opcode in column 1. (MOVLW)
Warning[203] C:\USERS\DARA\MPLABXPROJECTS\LAB3\PART1\LAB3P1.X\LAB3P1.ASM 39 : Found opcode in column 1. (MOVWF)
Warning[203] C:\USERS\DARA\MPLABXPROJECTS\LAB3\PART1\LAB3P1.X\LAB3P1.ASM 42 : Found opcode in column 1. (NOP)
Warning[203] C:\USERS\DARA\MPLABXPROJECTS\LAB3\PART1\LAB3P1.X\LAB3P1.ASM 43 : Found opcode in column 1. (DECF)
Warning[203] C:\USERS\DARA\MPLABXPROJECTS\LAB3\PART1\LAB3P1.X\LAB3P1.ASM 44 : Found opcode in column 1. (BNZ)
Warning[203] C:\USERS\DARA\MPLABXPROJECTS\LAB3\PART1\LAB3P1.X\LAB3P1.ASM 45 : Found opcode in column 1. (DECF)
Warning[203] C:\USERS\DARA\MPLABXPROJECTS\LAB3\PART1\LAB3P1.X\LAB3P1.ASM 46 : Found opcode in column 1. (BNZ)
Warning[203] C:\USERS\DARA\MPLABXPROJECTS\LAB3\PART1\LAB3P1.X\LAB3P1.ASM 47 : Found opcode in column 1. (RETURN)
